8/29/2022, 7:52:03 PM - INFO - Server is running on port: 3030
8/29/2022, 7:52:26 PM - INFO - Server is running on port: 3030
8/29/2022, 7:52:49 PM - INFO - Server is running on port: 3030
8/29/2022, 8:19:27 PM - INFO - Server is running on port: 3030
8/29/2022, 8:20:36 PM - INFO - Server is running on port: 3030
8/30/2022, 9:23:31 AM - INFO - Server is running on port: 3030
8/30/2022, 9:31:06 AM - INFO - Server is running on port: 3030
8/30/2022, 9:34:27 AM - ERROR - cannot insert activitys | {}
8/30/2022, 9:34:27 AM - ERROR - Failed to add activity | {}
8/30/2022, 9:34:46 AM - INFO - Server is running on port: 3030
8/30/2022, 9:35:45 AM - INFO - Server is running on port: 3030
8/30/2022, 9:35:49 AM - ERROR - cannot insert activitys | {}
8/30/2022, 9:35:49 AM - ERROR - Failed to add activity | {}
8/30/2022, 9:36:20 AM - INFO - Server is running on port: 3030
8/30/2022, 9:36:42 AM - INFO - Server is running on port: 3030
8/30/2022, 9:37:13 AM - INFO - Server is running on port: 3030
8/30/2022, 9:38:15 AM - INFO - Server is running on port: 3030
8/30/2022, 9:54:08 AM - DEBUG - auth.service - login with username: shlomi123
8/30/2022, 9:54:09 AM - INFO - Req from: Shlomi Nugarker
8/30/2022, 9:54:09 AM - INFO - Req from: Shlomi Nugarker
8/30/2022, 9:56:35 AM - INFO - Server is running on port: 3030
8/30/2022, 9:58:12 AM - INFO - Server is running on port: 3030
8/30/2022, 10:00:08 AM - DEBUG - auth.service - login with username: shlomi123
8/30/2022, 10:00:08 AM - INFO - Req from: Shlomi Nugarker
8/30/2022, 10:00:08 AM - INFO - Req from: Shlomi Nugarker
8/30/2022, 10:02:34 AM - INFO - Req from: Shlomi Nugarker
8/30/2022, 10:02:34 AM - INFO - Req from: Shlomi Nugarker
8/30/2022, 10:04:39 AM - INFO - Req from: Shlomi Nugarker
8/30/2022, 10:04:39 AM - INFO - Req from: Shlomi Nugarker
8/30/2022, 10:19:41 AM - INFO - Server is running on port: 3030
8/30/2022, 10:20:45 AM - INFO - Server is running on port: 3030
8/30/2022, 10:21:21 AM - INFO - Server is running on port: 3030
8/30/2022, 10:22:15 AM - INFO - Server is running on port: 3030
8/30/2022, 10:28:11 AM - INFO - Server is running on port: 3030
8/30/2022, 10:28:14 AM - DEBUG - auth.service - login with username: shlomi123
8/30/2022, 10:28:14 AM - INFO - Req from: Shlomi Nugarker
8/30/2022, 10:28:14 AM - INFO - Req from: Shlomi Nugarker
8/30/2022, 10:28:23 AM - INFO - Req from: Shlomi Nugarker
8/30/2022, 10:28:27 AM - INFO - Req from: Shlomi Nugarker
8/30/2022, 10:28:29 AM - INFO - Req from: Shlomi Nugarker
8/30/2022, 10:28:57 AM - INFO - Req from: Shlomi Nugarker
8/30/2022, 10:28:57 AM - INFO - Req from: Shlomi Nugarker
8/30/2022, 10:33:20 AM - INFO - Req from: Shlomi Nugarker
8/30/2022, 10:33:20 AM - INFO - Req from: Shlomi Nugarker
8/30/2022, 10:35:12 AM - INFO - Req from: Shlomi Nugarker
8/30/2022, 10:35:12 AM - INFO - Req from: Shlomi Nugarker
8/30/2022, 10:35:58 AM - INFO - Req from: Shlomi Nugarker
8/30/2022, 10:35:58 AM - INFO - Req from: Shlomi Nugarker
8/30/2022, 10:38:35 AM - INFO - Req from: Shlomi Nugarker
8/30/2022, 10:38:35 AM - INFO - Req from: Shlomi Nugarker
8/30/2022, 10:38:35 AM - INFO - Req from: Shlomi Nugarker
8/30/2022, 10:39:02 AM - DEBUG - auth.service - login with username: shlomi123
8/30/2022, 10:39:02 AM - INFO - Req from: Shlomi Nugarker
8/30/2022, 10:39:02 AM - INFO - Req from: Shlomi Nugarker
8/30/2022, 10:39:02 AM - INFO - Req from: Shlomi Nugarker
8/30/2022, 10:41:15 AM - DEBUG - auth.service - login with username: shlomi123
8/30/2022, 10:41:15 AM - INFO - Req from: Shlomi Nugarker
8/30/2022, 10:41:15 AM - INFO - Req from: Shlomi Nugarker
8/30/2022, 10:42:08 AM - INFO - Req from: Shlomi Nugarker
8/30/2022, 10:42:44 AM - INFO - Req from: Shlomi Nugarker
8/30/2022, 10:42:44 AM - INFO - Req from: Shlomi Nugarker
8/30/2022, 10:42:44 AM - INFO - Req from: Shlomi Nugarker
8/30/2022, 10:42:55 AM - INFO - Req from: Shlomi Nugarker
8/30/2022, 10:42:55 AM - INFO - Req from: Shlomi Nugarker
8/30/2022, 10:42:55 AM - INFO - Req from: Shlomi Nugarker
8/30/2022, 10:43:25 AM - INFO - Req from: Shlomi Nugarker
8/30/2022, 10:43:31 AM - INFO - Req from: Shlomi Nugarker
8/30/2022, 10:43:31 AM - INFO - Req from: Shlomi Nugarker
8/30/2022, 10:43:31 AM - INFO - Req from: Shlomi Nugarker
8/30/2022, 10:48:50 AM - INFO - Req from: Shlomi Nugarker
8/30/2022, 10:48:50 AM - INFO - Req from: Shlomi Nugarker
8/30/2022, 10:48:50 AM - INFO - Req from: Shlomi Nugarker
8/30/2022, 10:51:01 AM - INFO - Req from: Shlomi Nugarker
8/30/2022, 10:52:37 AM - INFO - Req from: Shlomi Nugarker
8/30/2022, 10:56:27 AM - INFO - Req from: Shlomi Nugarker
8/30/2022, 10:56:27 AM - INFO - Req from: Shlomi Nugarker
8/30/2022, 10:56:27 AM - INFO - Req from: Shlomi Nugarker
8/30/2022, 10:58:30 AM - INFO - Req from: Shlomi Nugarker
8/30/2022, 10:59:39 AM - INFO - Req from: Shlomi Nugarker
8/30/2022, 10:59:47 AM - INFO - Req from: Shlomi Nugarker
8/30/2022, 11:00:13 AM - INFO - Req from: Shlomi Nugarker
8/30/2022, 11:00:57 AM - INFO - Req from: Shlomi Nugarker
8/30/2022, 11:00:57 AM - INFO - Req from: Shlomi Nugarker
8/30/2022, 11:01:08 AM - INFO - Req from: Shlomi Nugarker
8/30/2022, 11:01:08 AM - INFO - Req from: Shlomi Nugarker
8/30/2022, 11:01:17 AM - INFO - Req from: Shlomi Nugarker
8/30/2022, 11:01:17 AM - INFO - Req from: Shlomi Nugarker
8/30/2022, 11:01:53 AM - INFO - Req from: Shlomi Nugarker
8/30/2022, 11:02:01 AM - INFO - Req from: Shlomi Nugarker
8/30/2022, 11:02:01 AM - INFO - Req from: Shlomi Nugarker
8/30/2022, 11:02:12 AM - INFO - Req from: Shlomi Nugarker
8/30/2022, 11:02:18 AM - INFO - Req from: Shlomi Nugarker
8/30/2022, 11:02:18 AM - INFO - Req from: Shlomi Nugarker
8/30/2022, 11:02:35 AM - INFO - Req from: Shlomi Nugarker
8/30/2022, 11:02:35 AM - INFO - Req from: Shlomi Nugarker
8/30/2022, 11:02:35 AM - INFO - Req from: Shlomi Nugarker
8/30/2022, 11:02:35 AM - INFO - Req from: Shlomi Nugarker
8/30/2022, 11:02:35 AM - INFO - Req from: Shlomi Nugarker
8/30/2022, 11:02:35 AM - INFO - Req from: Shlomi Nugarker
8/30/2022, 11:02:35 AM - INFO - Req from: Shlomi Nugarker
8/30/2022, 11:02:35 AM - INFO - Req from: Shlomi Nugarker
8/30/2022, 11:02:35 AM - INFO - Req from: Shlomi Nugarker
8/30/2022, 11:02:35 AM - INFO - Req from: Shlomi Nugarker
8/30/2022, 11:02:35 AM - INFO - Req from: Shlomi Nugarker
8/30/2022, 11:02:36 AM - INFO - Req from: Shlomi Nugarker
8/30/2022, 11:02:36 AM - INFO - Req from: Shlomi Nugarker
8/30/2022, 11:02:36 AM - INFO - Req from: Shlomi Nugarker
8/30/2022, 11:02:36 AM - INFO - Req from: Shlomi Nugarker
8/30/2022, 11:02:36 AM - INFO - Req from: Shlomi Nugarker
8/30/2022, 11:02:36 AM - INFO - Req from: Shlomi Nugarker
8/30/2022, 11:02:36 AM - INFO - Req from: Shlomi Nugarker
8/30/2022, 11:02:36 AM - INFO - Req from: Shlomi Nugarker
8/30/2022, 11:02:36 AM - INFO - Req from: Shlomi Nugarker
8/30/2022, 11:02:36 AM - INFO - Req from: Shlomi Nugarker
8/30/2022, 11:02:37 AM - INFO - Req from: Shlomi Nugarker
8/30/2022, 11:02:37 AM - INFO - Req from: Shlomi Nugarker
8/30/2022, 11:02:37 AM - INFO - Req from: Shlomi Nugarker
8/30/2022, 11:02:37 AM - INFO - Req from: Shlomi Nugarker
8/30/2022, 11:02:37 AM - INFO - Req from: Shlomi Nugarker
8/30/2022, 11:02:37 AM - INFO - Req from: Shlomi Nugarker
8/30/2022, 11:02:37 AM - INFO - Req from: Shlomi Nugarker
8/30/2022, 11:02:37 AM - INFO - Req from: Shlomi Nugarker
8/30/2022, 11:02:37 AM - INFO - Req from: Shlomi Nugarker
8/30/2022, 11:02:37 AM - INFO - Req from: Shlomi Nugarker
8/30/2022, 11:02:37 AM - INFO - Req from: Shlomi Nugarker
8/30/2022, 11:02:37 AM - INFO - Req from: Shlomi Nugarker
8/30/2022, 11:02:37 AM - INFO - Req from: Shlomi Nugarker
8/30/2022, 11:02:37 AM - INFO - Req from: Shlomi Nugarker
8/30/2022, 11:02:38 AM - INFO - Req from: Shlomi Nugarker
8/30/2022, 11:02:38 AM - INFO - Req from: Shlomi Nugarker
8/30/2022, 11:02:38 AM - INFO - Req from: Shlomi Nugarker
8/30/2022, 11:02:38 AM - INFO - Req from: Shlomi Nugarker
8/30/2022, 11:02:38 AM - INFO - Req from: Shlomi Nugarker
8/30/2022, 11:02:38 AM - INFO - Req from: Shlomi Nugarker
8/30/2022, 11:02:38 AM - INFO - Req from: Shlomi Nugarker
8/30/2022, 11:02:38 AM - INFO - Req from: Shlomi Nugarker
8/30/2022, 11:02:38 AM - INFO - Req from: Shlomi Nugarker
8/30/2022, 11:02:38 AM - INFO - Req from: Shlomi Nugarker
8/30/2022, 11:02:38 AM - INFO - Req from: Shlomi Nugarker
8/30/2022, 11:02:38 AM - INFO - Req from: Shlomi Nugarker
8/30/2022, 11:02:38 AM - INFO - Req from: Shlomi Nugarker
8/30/2022, 11:02:38 AM - INFO - Req from: Shlomi Nugarker
8/30/2022, 11:02:38 AM - INFO - Req from: Shlomi Nugarker
8/30/2022, 11:02:38 AM - INFO - Req from: Shlomi Nugarker
8/30/2022, 11:02:39 AM - INFO - Req from: Shlomi Nugarker
8/30/2022, 11:02:39 AM - INFO - Req from: Shlomi Nugarker
8/30/2022, 11:02:39 AM - INFO - Req from: Shlomi Nugarker
8/30/2022, 11:02:39 AM - INFO - Req from: Shlomi Nugarker
8/30/2022, 11:02:39 AM - INFO - Req from: Shlomi Nugarker
8/30/2022, 11:02:39 AM - INFO - Req from: Shlomi Nugarker
8/30/2022, 11:02:39 AM - INFO - Req from: Shlomi Nugarker
8/30/2022, 11:02:39 AM - INFO - Req from: Shlomi Nugarker
8/30/2022, 11:02:40 AM - INFO - Req from: Shlomi Nugarker
8/30/2022, 11:02:40 AM - INFO - Req from: Shlomi Nugarker
8/30/2022, 11:02:40 AM - INFO - Req from: Shlomi Nugarker
8/30/2022, 11:02:40 AM - INFO - Req from: Shlomi Nugarker
8/30/2022, 11:02:40 AM - INFO - Req from: Shlomi Nugarker
8/30/2022, 11:02:40 AM - INFO - Req from: Shlomi Nugarker
8/30/2022, 11:02:40 AM - INFO - Req from: Shlomi Nugarker
8/30/2022, 11:02:40 AM - INFO - Req from: Shlomi Nugarker
8/30/2022, 11:02:40 AM - INFO - Req from: Shlomi Nugarker
8/30/2022, 11:02:40 AM - INFO - Req from: Shlomi Nugarker
8/30/2022, 11:02:40 AM - INFO - Req from: Shlomi Nugarker
8/30/2022, 11:02:40 AM - INFO - Req from: Shlomi Nugarker
8/30/2022, 11:02:41 AM - INFO - Req from: Shlomi Nugarker
8/30/2022, 11:02:41 AM - INFO - Req from: Shlomi Nugarker
8/30/2022, 11:02:41 AM - INFO - Req from: Shlomi Nugarker
8/30/2022, 11:02:41 AM - INFO - Req from: Shlomi Nugarker
8/30/2022, 11:02:41 AM - INFO - Req from: Shlomi Nugarker
8/30/2022, 11:02:41 AM - INFO - Req from: Shlomi Nugarker
8/30/2022, 11:02:41 AM - INFO - Req from: Shlomi Nugarker
8/30/2022, 11:02:41 AM - INFO - Req from: Shlomi Nugarker
8/30/2022, 11:02:41 AM - INFO - Req from: Shlomi Nugarker
8/30/2022, 11:02:41 AM - INFO - Req from: Shlomi Nugarker
8/30/2022, 11:02:41 AM - INFO - Req from: Shlomi Nugarker
8/30/2022, 11:02:41 AM - INFO - Req from: Shlomi Nugarker
8/30/2022, 11:02:41 AM - INFO - Req from: Shlomi Nugarker
8/30/2022, 11:02:41 AM - INFO - Req from: Shlomi Nugarker
8/30/2022, 11:02:41 AM - INFO - Req from: Shlomi Nugarker
8/30/2022, 11:02:41 AM - INFO - Req from: Shlomi Nugarker
8/30/2022, 11:02:41 AM - INFO - Req from: Shlomi Nugarker
8/30/2022, 11:02:42 AM - INFO - Req from: Shlomi Nugarker
8/30/2022, 11:02:42 AM - INFO - Req from: Shlomi Nugarker
8/30/2022, 11:02:42 AM - INFO - Req from: Shlomi Nugarker
8/30/2022, 11:02:42 AM - INFO - Req from: Shlomi Nugarker
8/30/2022, 11:02:42 AM - INFO - Req from: Shlomi Nugarker
8/30/2022, 11:02:42 AM - INFO - Req from: Shlomi Nugarker
8/30/2022, 11:02:42 AM - INFO - Req from: Shlomi Nugarker
8/30/2022, 11:02:42 AM - INFO - Req from: Shlomi Nugarker
8/30/2022, 11:02:42 AM - INFO - Req from: Shlomi Nugarker
8/30/2022, 11:02:42 AM - INFO - Req from: Shlomi Nugarker
8/30/2022, 11:02:42 AM - INFO - Req from: Shlomi Nugarker
8/30/2022, 11:02:42 AM - INFO - Req from: Shlomi Nugarker
8/30/2022, 11:02:42 AM - INFO - Req from: Shlomi Nugarker
8/30/2022, 11:02:42 AM - INFO - Req from: Shlomi Nugarker
8/30/2022, 11:02:42 AM - INFO - Req from: Shlomi Nugarker
8/30/2022, 11:02:42 AM - INFO - Req from: Shlomi Nugarker
8/30/2022, 11:02:42 AM - INFO - Req from: Shlomi Nugarker
8/30/2022, 11:02:42 AM - INFO - Req from: Shlomi Nugarker
8/30/2022, 11:02:42 AM - INFO - Req from: Shlomi Nugarker
8/30/2022, 11:02:42 AM - INFO - Req from: Shlomi Nugarker
8/30/2022, 11:02:42 AM - INFO - Req from: Shlomi Nugarker
8/30/2022, 11:02:42 AM - INFO - Req from: Shlomi Nugarker
8/30/2022, 11:02:43 AM - INFO - Req from: Shlomi Nugarker
8/30/2022, 11:02:43 AM - INFO - Req from: Shlomi Nugarker
8/30/2022, 11:02:43 AM - INFO - Req from: Shlomi Nugarker
8/30/2022, 11:02:43 AM - INFO - Req from: Shlomi Nugarker
8/30/2022, 11:02:43 AM - INFO - Req from: Shlomi Nugarker
8/30/2022, 11:02:43 AM - INFO - Req from: Shlomi Nugarker
8/30/2022, 11:02:43 AM - INFO - Req from: Shlomi Nugarker
8/30/2022, 11:02:43 AM - INFO - Req from: Shlomi Nugarker
8/30/2022, 11:02:43 AM - INFO - Req from: Shlomi Nugarker
8/30/2022, 11:02:43 AM - INFO - Req from: Shlomi Nugarker
8/30/2022, 11:02:43 AM - INFO - Req from: Shlomi Nugarker
8/30/2022, 11:02:43 AM - INFO - Req from: Shlomi Nugarker
8/30/2022, 11:02:43 AM - INFO - Req from: Shlomi Nugarker
8/30/2022, 11:02:43 AM - INFO - Req from: Shlomi Nugarker
8/30/2022, 11:02:43 AM - INFO - Req from: Shlomi Nugarker
8/30/2022, 11:02:43 AM - INFO - Req from: Shlomi Nugarker
8/30/2022, 11:02:43 AM - INFO - Req from: Shlomi Nugarker
8/30/2022, 11:02:43 AM - INFO - Req from: Shlomi Nugarker
8/30/2022, 11:02:43 AM - INFO - Req from: Shlomi Nugarker
8/30/2022, 11:02:43 AM - INFO - Req from: Shlomi Nugarker
8/30/2022, 11:02:44 AM - INFO - Req from: Shlomi Nugarker
8/30/2022, 11:02:44 AM - INFO - Req from: Shlomi Nugarker
8/30/2022, 11:02:44 AM - INFO - Req from: Shlomi Nugarker
8/30/2022, 11:02:44 AM - INFO - Req from: Shlomi Nugarker
8/30/2022, 11:02:44 AM - INFO - Req from: Shlomi Nugarker
8/30/2022, 11:02:44 AM - INFO - Req from: Shlomi Nugarker
8/30/2022, 11:02:44 AM - INFO - Req from: Shlomi Nugarker
8/30/2022, 11:02:44 AM - INFO - Req from: Shlomi Nugarker
8/30/2022, 11:02:44 AM - INFO - Req from: Shlomi Nugarker
8/30/2022, 11:02:44 AM - INFO - Req from: Shlomi Nugarker
8/30/2022, 11:02:44 AM - INFO - Req from: Shlomi Nugarker
8/30/2022, 11:02:44 AM - INFO - Req from: Shlomi Nugarker
8/30/2022, 11:02:44 AM - INFO - Req from: Shlomi Nugarker
8/30/2022, 11:02:44 AM - INFO - Req from: Shlomi Nugarker
8/30/2022, 11:02:44 AM - INFO - Req from: Shlomi Nugarker
8/30/2022, 11:02:44 AM - INFO - Req from: Shlomi Nugarker
8/30/2022, 11:02:45 AM - INFO - Req from: Shlomi Nugarker
8/30/2022, 11:02:45 AM - INFO - Req from: Shlomi Nugarker
8/30/2022, 11:02:45 AM - INFO - Req from: Shlomi Nugarker
8/30/2022, 11:02:45 AM - INFO - Req from: Shlomi Nugarker
8/30/2022, 11:02:45 AM - INFO - Req from: Shlomi Nugarker
8/30/2022, 11:02:45 AM - INFO - Req from: Shlomi Nugarker
8/30/2022, 11:02:45 AM - INFO - Req from: Shlomi Nugarker
8/30/2022, 11:02:45 AM - INFO - Req from: Shlomi Nugarker
8/30/2022, 11:02:45 AM - INFO - Req from: Shlomi Nugarker
8/30/2022, 11:02:45 AM - INFO - Req from: Shlomi Nugarker
8/30/2022, 11:02:45 AM - INFO - Req from: Shlomi Nugarker
8/30/2022, 11:02:45 AM - INFO - Req from: Shlomi Nugarker
8/30/2022, 11:02:46 AM - INFO - Req from: Shlomi Nugarker
8/30/2022, 11:02:46 AM - INFO - Req from: Shlomi Nugarker
8/30/2022, 11:02:46 AM - INFO - Req from: Shlomi Nugarker
8/30/2022, 11:02:46 AM - INFO - Req from: Shlomi Nugarker
8/30/2022, 11:02:46 AM - INFO - Req from: Shlomi Nugarker
8/30/2022, 11:02:46 AM - INFO - Req from: Shlomi Nugarker
8/30/2022, 11:02:46 AM - INFO - Req from: Shlomi Nugarker
8/30/2022, 11:02:46 AM - INFO - Req from: Shlomi Nugarker
8/30/2022, 11:02:46 AM - INFO - Req from: Shlomi Nugarker
8/30/2022, 11:02:46 AM - INFO - Req from: Shlomi Nugarker
8/30/2022, 11:02:46 AM - INFO - Req from: Shlomi Nugarker
8/30/2022, 11:02:46 AM - INFO - Req from: Shlomi Nugarker
8/30/2022, 11:02:46 AM - INFO - Req from: Shlomi Nugarker
8/30/2022, 11:02:46 AM - INFO - Req from: Shlomi Nugarker
8/30/2022, 11:02:46 AM - INFO - Req from: Shlomi Nugarker
8/30/2022, 11:02:46 AM - INFO - Req from: Shlomi Nugarker
8/30/2022, 11:02:46 AM - INFO - Req from: Shlomi Nugarker
8/30/2022, 11:02:47 AM - INFO - Req from: Shlomi Nugarker
8/30/2022, 11:02:47 AM - INFO - Req from: Shlomi Nugarker
8/30/2022, 11:02:47 AM - INFO - Req from: Shlomi Nugarker
8/30/2022, 11:02:47 AM - INFO - Req from: Shlomi Nugarker
8/30/2022, 11:02:47 AM - INFO - Req from: Shlomi Nugarker
8/30/2022, 11:02:47 AM - INFO - Req from: Shlomi Nugarker
8/30/2022, 11:02:47 AM - INFO - Req from: Shlomi Nugarker
8/30/2022, 11:02:47 AM - INFO - Req from: Shlomi Nugarker
8/30/2022, 11:02:47 AM - INFO - Req from: Shlomi Nugarker
8/30/2022, 11:02:47 AM - INFO - Req from: Shlomi Nugarker
8/30/2022, 11:02:47 AM - INFO - Req from: Shlomi Nugarker
8/30/2022, 11:02:47 AM - INFO - Req from: Shlomi Nugarker
8/30/2022, 11:02:47 AM - INFO - Req from: Shlomi Nugarker
8/30/2022, 11:02:47 AM - INFO - Req from: Shlomi Nugarker
8/30/2022, 11:02:47 AM - INFO - Req from: Shlomi Nugarker
8/30/2022, 11:02:47 AM - INFO - Req from: Shlomi Nugarker
8/30/2022, 11:02:47 AM - INFO - Req from: Shlomi Nugarker
8/30/2022, 11:02:47 AM - INFO - Req from: Shlomi Nugarker
8/30/2022, 11:02:47 AM - INFO - Req from: Shlomi Nugarker
8/30/2022, 11:02:48 AM - INFO - Req from: Shlomi Nugarker
8/30/2022, 11:02:48 AM - INFO - Req from: Shlomi Nugarker
8/30/2022, 11:02:48 AM - INFO - Req from: Shlomi Nugarker
8/30/2022, 11:02:48 AM - INFO - Req from: Shlomi Nugarker
8/30/2022, 11:02:48 AM - INFO - Req from: Shlomi Nugarker
8/30/2022, 11:02:48 AM - INFO - Req from: Shlomi Nugarker
8/30/2022, 11:02:48 AM - INFO - Req from: Shlomi Nugarker
8/30/2022, 11:02:48 AM - INFO - Req from: Shlomi Nugarker
8/30/2022, 11:02:48 AM - INFO - Req from: Shlomi Nugarker
8/30/2022, 11:02:48 AM - INFO - Req from: Shlomi Nugarker
8/30/2022, 11:02:48 AM - INFO - Req from: Shlomi Nugarker
8/30/2022, 11:02:48 AM - INFO - Req from: Shlomi Nugarker
8/30/2022, 11:02:48 AM - INFO - Req from: Shlomi Nugarker
8/30/2022, 11:02:48 AM - INFO - Req from: Shlomi Nugarker
8/30/2022, 11:02:48 AM - INFO - Req from: Shlomi Nugarker
8/30/2022, 11:02:48 AM - INFO - Req from: Shlomi Nugarker
8/30/2022, 11:02:49 AM - INFO - Req from: Shlomi Nugarker
8/30/2022, 11:02:49 AM - INFO - Req from: Shlomi Nugarker
8/30/2022, 11:02:49 AM - INFO - Req from: Shlomi Nugarker
8/30/2022, 11:02:49 AM - INFO - Req from: Shlomi Nugarker
8/30/2022, 11:02:49 AM - INFO - Req from: Shlomi Nugarker
8/30/2022, 11:02:49 AM - INFO - Req from: Shlomi Nugarker
8/30/2022, 11:02:49 AM - INFO - Req from: Shlomi Nugarker
8/30/2022, 11:02:49 AM - INFO - Req from: Shlomi Nugarker
8/30/2022, 11:02:49 AM - INFO - Req from: Shlomi Nugarker
8/30/2022, 11:02:49 AM - INFO - Req from: Shlomi Nugarker
8/30/2022, 11:02:49 AM - INFO - Req from: Shlomi Nugarker
8/30/2022, 11:02:49 AM - INFO - Req from: Shlomi Nugarker
8/30/2022, 11:02:49 AM - INFO - Req from: Shlomi Nugarker
8/30/2022, 11:02:49 AM - INFO - Req from: Shlomi Nugarker
8/30/2022, 11:02:50 AM - INFO - Req from: Shlomi Nugarker
8/30/2022, 11:02:50 AM - INFO - Req from: Shlomi Nugarker
8/30/2022, 11:02:50 AM - INFO - Req from: Shlomi Nugarker
8/30/2022, 11:02:50 AM - INFO - Req from: Shlomi Nugarker
8/30/2022, 11:02:50 AM - INFO - Req from: Shlomi Nugarker
8/30/2022, 11:02:50 AM - INFO - Req from: Shlomi Nugarker
8/30/2022, 11:02:50 AM - INFO - Req from: Shlomi Nugarker
8/30/2022, 11:02:50 AM - INFO - Req from: Shlomi Nugarker
8/30/2022, 11:02:50 AM - INFO - Req from: Shlomi Nugarker
8/30/2022, 11:02:50 AM - INFO - Req from: Shlomi Nugarker
8/30/2022, 11:02:50 AM - INFO - Req from: Shlomi Nugarker
8/30/2022, 11:02:50 AM - INFO - Req from: Shlomi Nugarker
8/30/2022, 11:02:50 AM - INFO - Req from: Shlomi Nugarker
8/30/2022, 11:02:51 AM - INFO - Req from: Shlomi Nugarker
8/30/2022, 11:02:51 AM - INFO - Req from: Shlomi Nugarker
8/30/2022, 11:02:51 AM - INFO - Req from: Shlomi Nugarker
8/30/2022, 11:02:51 AM - INFO - Req from: Shlomi Nugarker
8/30/2022, 11:02:51 AM - INFO - Req from: Shlomi Nugarker
8/30/2022, 11:02:51 AM - INFO - Req from: Shlomi Nugarker
8/30/2022, 11:02:51 AM - INFO - Req from: Shlomi Nugarker
8/30/2022, 11:02:51 AM - INFO - Req from: Shlomi Nugarker
8/30/2022, 11:02:51 AM - INFO - Req from: Shlomi Nugarker
8/30/2022, 11:02:51 AM - INFO - Req from: Shlomi Nugarker
8/30/2022, 11:02:51 AM - INFO - Req from: Shlomi Nugarker
8/30/2022, 11:02:51 AM - INFO - Req from: Shlomi Nugarker
8/30/2022, 11:02:51 AM - INFO - Req from: Shlomi Nugarker
8/30/2022, 11:02:51 AM - INFO - Req from: Shlomi Nugarker
8/30/2022, 11:02:51 AM - INFO - Req from: Shlomi Nugarker
8/30/2022, 11:02:51 AM - INFO - Req from: Shlomi Nugarker
8/30/2022, 11:02:52 AM - INFO - Req from: Shlomi Nugarker
8/30/2022, 11:02:52 AM - INFO - Req from: Shlomi Nugarker
8/30/2022, 11:02:52 AM - INFO - Req from: Shlomi Nugarker
8/30/2022, 11:02:52 AM - INFO - Req from: Shlomi Nugarker
8/30/2022, 11:02:52 AM - INFO - Req from: Shlomi Nugarker
8/30/2022, 11:02:52 AM - INFO - Req from: Shlomi Nugarker
8/30/2022, 11:02:52 AM - INFO - Req from: Shlomi Nugarker
8/30/2022, 11:02:52 AM - INFO - Req from: Shlomi Nugarker
8/30/2022, 11:02:52 AM - INFO - Req from: Shlomi Nugarker
8/30/2022, 11:02:52 AM - INFO - Req from: Shlomi Nugarker
8/30/2022, 11:02:52 AM - INFO - Req from: Shlomi Nugarker
8/30/2022, 11:02:52 AM - INFO - Req from: Shlomi Nugarker
8/30/2022, 11:02:52 AM - INFO - Req from: Shlomi Nugarker
8/30/2022, 11:02:52 AM - INFO - Req from: Shlomi Nugarker
8/30/2022, 11:02:52 AM - INFO - Req from: Shlomi Nugarker
8/30/2022, 11:02:52 AM - INFO - Req from: Shlomi Nugarker
8/30/2022, 11:02:53 AM - INFO - Req from: Shlomi Nugarker
8/30/2022, 11:02:53 AM - INFO - Req from: Shlomi Nugarker
8/30/2022, 11:02:53 AM - INFO - Req from: Shlomi Nugarker
8/30/2022, 11:02:53 AM - INFO - Req from: Shlomi Nugarker
8/30/2022, 11:02:53 AM - INFO - Req from: Shlomi Nugarker
8/30/2022, 11:02:53 AM - INFO - Req from: Shlomi Nugarker
8/30/2022, 11:02:53 AM - INFO - Req from: Shlomi Nugarker
8/30/2022, 11:02:53 AM - INFO - Req from: Shlomi Nugarker
8/30/2022, 11:02:53 AM - INFO - Req from: Shlomi Nugarker
8/30/2022, 11:02:53 AM - INFO - Req from: Shlomi Nugarker
8/30/2022, 11:02:53 AM - INFO - Req from: Shlomi Nugarker
8/30/2022, 11:02:53 AM - INFO - Req from: Shlomi Nugarker
8/30/2022, 11:02:53 AM - INFO - Req from: Shlomi Nugarker
8/30/2022, 11:02:53 AM - INFO - Req from: Shlomi Nugarker
8/30/2022, 11:02:53 AM - INFO - Req from: Shlomi Nugarker
8/30/2022, 11:02:54 AM - INFO - Req from: Shlomi Nugarker
8/30/2022, 11:02:54 AM - INFO - Req from: Shlomi Nugarker
8/30/2022, 11:02:54 AM - INFO - Req from: Shlomi Nugarker
8/30/2022, 11:02:54 AM - INFO - Req from: Shlomi Nugarker
8/30/2022, 11:02:54 AM - INFO - Req from: Shlomi Nugarker
8/30/2022, 11:02:54 AM - INFO - Req from: Shlomi Nugarker
8/30/2022, 11:02:54 AM - INFO - Req from: Shlomi Nugarker
8/30/2022, 11:02:54 AM - INFO - Req from: Shlomi Nugarker
8/30/2022, 11:02:54 AM - INFO - Req from: Shlomi Nugarker
8/30/2022, 11:02:54 AM - INFO - Req from: Shlomi Nugarker
8/30/2022, 11:02:54 AM - INFO - Req from: Shlomi Nugarker
8/30/2022, 11:02:54 AM - INFO - Req from: Shlomi Nugarker
8/30/2022, 11:02:54 AM - INFO - Req from: Shlomi Nugarker
8/30/2022, 11:02:54 AM - INFO - Req from: Shlomi Nugarker
8/30/2022, 11:02:55 AM - INFO - Req from: Shlomi Nugarker
8/30/2022, 11:02:55 AM - INFO - Req from: Shlomi Nugarker
8/30/2022, 11:02:55 AM - INFO - Req from: Shlomi Nugarker
8/30/2022, 11:02:55 AM - INFO - Req from: Shlomi Nugarker
8/30/2022, 11:02:55 AM - INFO - Req from: Shlomi Nugarker
8/30/2022, 11:02:55 AM - INFO - Req from: Shlomi Nugarker
8/30/2022, 11:02:55 AM - INFO - Req from: Shlomi Nugarker
8/30/2022, 11:02:55 AM - INFO - Req from: Shlomi Nugarker
8/30/2022, 11:02:55 AM - INFO - Req from: Shlomi Nugarker
8/30/2022, 11:02:55 AM - INFO - Req from: Shlomi Nugarker
8/30/2022, 11:02:55 AM - INFO - Req from: Shlomi Nugarker
8/30/2022, 11:02:55 AM - INFO - Req from: Shlomi Nugarker
8/30/2022, 11:02:55 AM - INFO - Req from: Shlomi Nugarker
8/30/2022, 11:02:55 AM - INFO - Req from: Shlomi Nugarker
8/30/2022, 11:02:55 AM - INFO - Req from: Shlomi Nugarker
8/30/2022, 11:02:55 AM - INFO - Req from: Shlomi Nugarker
8/30/2022, 11:02:55 AM - INFO - Req from: Shlomi Nugarker
8/30/2022, 11:02:55 AM - INFO - Req from: Shlomi Nugarker
8/30/2022, 11:02:55 AM - INFO - Req from: Shlomi Nugarker
8/30/2022, 11:02:55 AM - INFO - Req from: Shlomi Nugarker
8/30/2022, 11:02:55 AM - INFO - Req from: Shlomi Nugarker
8/30/2022, 11:02:55 AM - INFO - Req from: Shlomi Nugarker
8/30/2022, 11:02:56 AM - INFO - Req from: Shlomi Nugarker
8/30/2022, 11:02:56 AM - INFO - Req from: Shlomi Nugarker
8/30/2022, 11:02:56 AM - INFO - Req from: Shlomi Nugarker
8/30/2022, 11:02:56 AM - INFO - Req from: Shlomi Nugarker
8/30/2022, 11:02:56 AM - INFO - Req from: Shlomi Nugarker
8/30/2022, 11:02:56 AM - INFO - Req from: Shlomi Nugarker
8/30/2022, 11:02:56 AM - INFO - Req from: Shlomi Nugarker
8/30/2022, 11:02:56 AM - INFO - Req from: Shlomi Nugarker
8/30/2022, 11:02:56 AM - INFO - Req from: Shlomi Nugarker
8/30/2022, 11:02:56 AM - INFO - Req from: Shlomi Nugarker
8/30/2022, 11:02:56 AM - INFO - Req from: Shlomi Nugarker
8/30/2022, 11:02:56 AM - INFO - Req from: Shlomi Nugarker
8/30/2022, 11:02:56 AM - INFO - Req from: Shlomi Nugarker
8/30/2022, 11:02:56 AM - INFO - Req from: Shlomi Nugarker
8/30/2022, 11:02:56 AM - INFO - Req from: Shlomi Nugarker
8/30/2022, 11:02:56 AM - INFO - Req from: Shlomi Nugarker
8/30/2022, 11:02:56 AM - INFO - Req from: Shlomi Nugarker
8/30/2022, 11:02:56 AM - INFO - Req from: Shlomi Nugarker
8/30/2022, 11:02:56 AM - INFO - Req from: Shlomi Nugarker
8/30/2022, 11:02:57 AM - INFO - Req from: Shlomi Nugarker
8/30/2022, 11:02:57 AM - INFO - Req from: Shlomi Nugarker
8/30/2022, 11:02:57 AM - INFO - Req from: Shlomi Nugarker
8/30/2022, 11:02:57 AM - INFO - Req from: Shlomi Nugarker
8/30/2022, 11:02:57 AM - INFO - Req from: Shlomi Nugarker
8/30/2022, 11:02:57 AM - INFO - Req from: Shlomi Nugarker
8/30/2022, 11:02:57 AM - INFO - Req from: Shlomi Nugarker
8/30/2022, 11:02:57 AM - INFO - Req from: Shlomi Nugarker
8/30/2022, 11:02:57 AM - INFO - Req from: Shlomi Nugarker
8/30/2022, 11:02:57 AM - INFO - Req from: Shlomi Nugarker
8/30/2022, 11:02:57 AM - INFO - Req from: Shlomi Nugarker
8/30/2022, 11:02:57 AM - INFO - Req from: Shlomi Nugarker
8/30/2022, 11:02:57 AM - INFO - Req from: Shlomi Nugarker
8/30/2022, 11:02:57 AM - INFO - Req from: Shlomi Nugarker
8/30/2022, 11:02:57 AM - INFO - Req from: Shlomi Nugarker
8/30/2022, 11:02:57 AM - INFO - Req from: Shlomi Nugarker
8/30/2022, 11:02:57 AM - INFO - Req from: Shlomi Nugarker
8/30/2022, 11:02:57 AM - INFO - Req from: Shlomi Nugarker
8/30/2022, 11:02:57 AM - INFO - Req from: Shlomi Nugarker
8/30/2022, 11:02:57 AM - INFO - Req from: Shlomi Nugarker
8/30/2022, 11:02:57 AM - INFO - Req from: Shlomi Nugarker
8/30/2022, 11:02:57 AM - INFO - Req from: Shlomi Nugarker
8/30/2022, 11:02:58 AM - INFO - Req from: Shlomi Nugarker
8/30/2022, 11:02:58 AM - INFO - Req from: Shlomi Nugarker
8/30/2022, 11:02:58 AM - INFO - Req from: Shlomi Nugarker
8/30/2022, 11:02:58 AM - INFO - Req from: Shlomi Nugarker
8/30/2022, 11:02:58 AM - INFO - Req from: Shlomi Nugarker
8/30/2022, 11:02:58 AM - INFO - Req from: Shlomi Nugarker
8/30/2022, 11:02:58 AM - INFO - Req from: Shlomi Nugarker
8/30/2022, 11:02:58 AM - INFO - Req from: Shlomi Nugarker
8/30/2022, 11:02:58 AM - INFO - Req from: Shlomi Nugarker
8/30/2022, 11:02:58 AM - INFO - Req from: Shlomi Nugarker
8/30/2022, 11:02:58 AM - INFO - Req from: Shlomi Nugarker
8/30/2022, 11:02:58 AM - INFO - Req from: Shlomi Nugarker
8/30/2022, 11:02:58 AM - INFO - Req from: Shlomi Nugarker
8/30/2022, 11:02:58 AM - INFO - Req from: Shlomi Nugarker
8/30/2022, 11:02:58 AM - INFO - Req from: Shlomi Nugarker
8/30/2022, 11:02:58 AM - INFO - Req from: Shlomi Nugarker
8/30/2022, 11:02:58 AM - INFO - Req from: Shlomi Nugarker
8/30/2022, 11:02:58 AM - INFO - Req from: Shlomi Nugarker
8/30/2022, 11:02:58 AM - INFO - Req from: Shlomi Nugarker
8/30/2022, 11:02:58 AM - INFO - Req from: Shlomi Nugarker
8/30/2022, 11:02:58 AM - INFO - Req from: Shlomi Nugarker
8/30/2022, 11:02:59 AM - INFO - Req from: Shlomi Nugarker
8/30/2022, 11:02:59 AM - INFO - Req from: Shlomi Nugarker
8/30/2022, 11:02:59 AM - INFO - Req from: Shlomi Nugarker
8/30/2022, 11:02:59 AM - INFO - Req from: Shlomi Nugarker
8/30/2022, 11:02:59 AM - INFO - Req from: Shlomi Nugarker
8/30/2022, 11:02:59 AM - INFO - Req from: Shlomi Nugarker
8/30/2022, 11:02:59 AM - INFO - Req from: Shlomi Nugarker
8/30/2022, 11:02:59 AM - INFO - Req from: Shlomi Nugarker
8/30/2022, 11:02:59 AM - INFO - Req from: Shlomi Nugarker
8/30/2022, 11:02:59 AM - INFO - Req from: Shlomi Nugarker
8/30/2022, 11:02:59 AM - INFO - Req from: Shlomi Nugarker
8/30/2022, 11:02:59 AM - INFO - Req from: Shlomi Nugarker
8/30/2022, 11:02:59 AM - INFO - Req from: Shlomi Nugarker
8/30/2022, 11:02:59 AM - INFO - Req from: Shlomi Nugarker
8/30/2022, 11:02:59 AM - INFO - Req from: Shlomi Nugarker
8/30/2022, 11:02:59 AM - INFO - Req from: Shlomi Nugarker
8/30/2022, 11:02:59 AM - INFO - Req from: Shlomi Nugarker
8/30/2022, 11:02:59 AM - INFO - Req from: Shlomi Nugarker
8/30/2022, 11:02:59 AM - INFO - Req from: Shlomi Nugarker
8/30/2022, 11:03:00 AM - INFO - Req from: Shlomi Nugarker
8/30/2022, 11:03:00 AM - INFO - Req from: Shlomi Nugarker
8/30/2022, 11:03:00 AM - INFO - Req from: Shlomi Nugarker
8/30/2022, 11:03:00 AM - INFO - Req from: Shlomi Nugarker
8/30/2022, 11:03:00 AM - INFO - Req from: Shlomi Nugarker
8/30/2022, 11:03:00 AM - INFO - Req from: Shlomi Nugarker
8/30/2022, 11:03:00 AM - INFO - Req from: Shlomi Nugarker
8/30/2022, 11:03:00 AM - INFO - Req from: Shlomi Nugarker
8/30/2022, 11:03:00 AM - INFO - Req from: Shlomi Nugarker
8/30/2022, 11:03:00 AM - INFO - Req from: Shlomi Nugarker
8/30/2022, 11:03:00 AM - INFO - Req from: Shlomi Nugarker
8/30/2022, 11:03:00 AM - INFO - Req from: Shlomi Nugarker
8/30/2022, 11:03:00 AM - INFO - Req from: Shlomi Nugarker
8/30/2022, 11:03:00 AM - INFO - Req from: Shlomi Nugarker
8/30/2022, 11:03:00 AM - INFO - Req from: Shlomi Nugarker
8/30/2022, 11:03:00 AM - INFO - Req from: Shlomi Nugarker
8/30/2022, 11:03:00 AM - INFO - Req from: Shlomi Nugarker
8/30/2022, 11:03:00 AM - INFO - Req from: Shlomi Nugarker
8/30/2022, 11:03:00 AM - INFO - Req from: Shlomi Nugarker
8/30/2022, 11:03:01 AM - INFO - Req from: Shlomi Nugarker
8/30/2022, 11:03:01 AM - INFO - Req from: Shlomi Nugarker
8/30/2022, 11:03:01 AM - INFO - Req from: Shlomi Nugarker
8/30/2022, 11:03:01 AM - INFO - Req from: Shlomi Nugarker
8/30/2022, 11:03:01 AM - INFO - Req from: Shlomi Nugarker
8/30/2022, 11:03:01 AM - INFO - Req from: Shlomi Nugarker
8/30/2022, 11:03:01 AM - INFO - Req from: Shlomi Nugarker
8/30/2022, 11:03:01 AM - INFO - Req from: Shlomi Nugarker
8/30/2022, 11:03:01 AM - INFO - Req from: Shlomi Nugarker
8/30/2022, 11:03:01 AM - INFO - Req from: Shlomi Nugarker
8/30/2022, 11:03:01 AM - INFO - Req from: Shlomi Nugarker
8/30/2022, 11:03:01 AM - INFO - Req from: Shlomi Nugarker
8/30/2022, 11:03:01 AM - INFO - Req from: Shlomi Nugarker
8/30/2022, 11:03:01 AM - INFO - Req from: Shlomi Nugarker
8/30/2022, 11:03:01 AM - INFO - Req from: Shlomi Nugarker
8/30/2022, 11:03:01 AM - INFO - Req from: Shlomi Nugarker
8/30/2022, 11:03:01 AM - INFO - Req from: Shlomi Nugarker
8/30/2022, 11:03:01 AM - INFO - Req from: Shlomi Nugarker
8/30/2022, 11:03:01 AM - INFO - Req from: Shlomi Nugarker
8/30/2022, 11:03:01 AM - INFO - Req from: Shlomi Nugarker
8/30/2022, 11:03:01 AM - INFO - Req from: Shlomi Nugarker
8/30/2022, 11:03:01 AM - INFO - Req from: Shlomi Nugarker
8/30/2022, 11:03:02 AM - INFO - Req from: Shlomi Nugarker
8/30/2022, 11:03:02 AM - INFO - Req from: Shlomi Nugarker
8/30/2022, 11:03:02 AM - INFO - Req from: Shlomi Nugarker
8/30/2022, 11:03:02 AM - INFO - Req from: Shlomi Nugarker
8/30/2022, 11:03:02 AM - INFO - Req from: Shlomi Nugarker
8/30/2022, 11:03:02 AM - INFO - Req from: Shlomi Nugarker
8/30/2022, 11:03:02 AM - INFO - Req from: Shlomi Nugarker
8/30/2022, 11:03:02 AM - INFO - Req from: Shlomi Nugarker
8/30/2022, 11:03:02 AM - INFO - Req from: Shlomi Nugarker
8/30/2022, 11:03:02 AM - INFO - Req from: Shlomi Nugarker
8/30/2022, 11:03:02 AM - INFO - Req from: Shlomi Nugarker
8/30/2022, 11:03:02 AM - INFO - Req from: Shlomi Nugarker
8/30/2022, 11:03:02 AM - INFO - Req from: Shlomi Nugarker
8/30/2022, 11:03:02 AM - INFO - Req from: Shlomi Nugarker
8/30/2022, 11:03:02 AM - INFO - Req from: Shlomi Nugarker
8/30/2022, 11:03:02 AM - INFO - Req from: Shlomi Nugarker
8/30/2022, 11:03:02 AM - INFO - Req from: Shlomi Nugarker
8/30/2022, 11:03:02 AM - INFO - Req from: Shlomi Nugarker
8/30/2022, 11:03:02 AM - INFO - Req from: Shlomi Nugarker
8/30/2022, 11:03:02 AM - INFO - Req from: Shlomi Nugarker
8/30/2022, 11:03:02 AM - INFO - Req from: Shlomi Nugarker
8/30/2022, 11:03:03 AM - INFO - Req from: Shlomi Nugarker
8/30/2022, 11:03:03 AM - INFO - Req from: Shlomi Nugarker
8/30/2022, 11:03:03 AM - INFO - Req from: Shlomi Nugarker
8/30/2022, 11:03:03 AM - INFO - Req from: Shlomi Nugarker
8/30/2022, 11:03:03 AM - INFO - Req from: Shlomi Nugarker
8/30/2022, 11:03:03 AM - INFO - Req from: Shlomi Nugarker
8/30/2022, 11:03:03 AM - INFO - Req from: Shlomi Nugarker
8/30/2022, 11:03:03 AM - INFO - Req from: Shlomi Nugarker
8/30/2022, 11:03:03 AM - INFO - Req from: Shlomi Nugarker
8/30/2022, 11:03:03 AM - INFO - Req from: Shlomi Nugarker
8/30/2022, 11:03:03 AM - INFO - Req from: Shlomi Nugarker
8/30/2022, 11:03:03 AM - INFO - Req from: Shlomi Nugarker
8/30/2022, 11:03:03 AM - INFO - Req from: Shlomi Nugarker
8/30/2022, 11:03:03 AM - INFO - Req from: Shlomi Nugarker
8/30/2022, 11:03:03 AM - INFO - Req from: Shlomi Nugarker
8/30/2022, 11:03:03 AM - INFO - Req from: Shlomi Nugarker
8/30/2022, 11:03:03 AM - INFO - Req from: Shlomi Nugarker
8/30/2022, 11:03:03 AM - INFO - Req from: Shlomi Nugarker
8/30/2022, 11:03:03 AM - INFO - Req from: Shlomi Nugarker
8/30/2022, 11:03:03 AM - INFO - Req from: Shlomi Nugarker
8/30/2022, 11:03:04 AM - INFO - Req from: Shlomi Nugarker
8/30/2022, 11:03:04 AM - INFO - Req from: Shlomi Nugarker
8/30/2022, 11:03:04 AM - INFO - Req from: Shlomi Nugarker
8/30/2022, 11:03:04 AM - INFO - Req from: Shlomi Nugarker
8/30/2022, 11:03:04 AM - INFO - Req from: Shlomi Nugarker
8/30/2022, 11:03:04 AM - INFO - Req from: Shlomi Nugarker
8/30/2022, 11:03:04 AM - INFO - Req from: Shlomi Nugarker
8/30/2022, 11:03:04 AM - INFO - Req from: Shlomi Nugarker
8/30/2022, 11:03:04 AM - INFO - Req from: Shlomi Nugarker
8/30/2022, 11:03:04 AM - INFO - Req from: Shlomi Nugarker
8/30/2022, 11:03:04 AM - INFO - Req from: Shlomi Nugarker
8/30/2022, 11:03:04 AM - INFO - Req from: Shlomi Nugarker
8/30/2022, 11:03:04 AM - INFO - Req from: Shlomi Nugarker
8/30/2022, 11:03:04 AM - INFO - Req from: Shlomi Nugarker
8/30/2022, 11:03:04 AM - INFO - Req from: Shlomi Nugarker
8/30/2022, 11:03:04 AM - INFO - Req from: Shlomi Nugarker
8/30/2022, 11:03:04 AM - INFO - Req from: Shlomi Nugarker
8/30/2022, 11:03:04 AM - INFO - Req from: Shlomi Nugarker
8/30/2022, 11:03:05 AM - INFO - Req from: Shlomi Nugarker
8/30/2022, 11:03:05 AM - INFO - Req from: Shlomi Nugarker
8/30/2022, 11:03:05 AM - INFO - Req from: Shlomi Nugarker
8/30/2022, 11:03:05 AM - INFO - Req from: Shlomi Nugarker
8/30/2022, 11:03:05 AM - INFO - Req from: Shlomi Nugarker
8/30/2022, 11:03:05 AM - INFO - Req from: Shlomi Nugarker
8/30/2022, 11:03:05 AM - INFO - Req from: Shlomi Nugarker
8/30/2022, 11:03:05 AM - INFO - Req from: Shlomi Nugarker
8/30/2022, 11:04:57 AM - DEBUG - auth.service - login with username: shlomi123
8/30/2022, 11:04:57 AM - INFO - Req from: Shlomi Nugarker
8/30/2022, 11:04:57 AM - INFO - Req from: Shlomi Nugarker
8/30/2022, 11:04:57 AM - INFO - Req from: Shlomi Nugarker
8/30/2022, 11:05:50 AM - INFO - Req from: Shlomi Nugarker
8/30/2022, 11:09:40 AM - INFO - Server is running on port: 3030
8/30/2022, 11:10:13 AM - DEBUG - auth.service - login with username: shlomi123
8/30/2022, 11:10:13 AM - INFO - Req from: Shlomi Nugarker
8/30/2022, 11:10:13 AM - INFO - Req from: Shlomi Nugarker
8/30/2022, 11:10:13 AM - INFO - Req from: Shlomi Nugarker
8/30/2022, 11:10:32 AM - INFO - Req from: Shlomi Nugarker
8/30/2022, 11:10:32 AM - INFO - Req from: Shlomi Nugarker
8/30/2022, 11:10:40 AM - INFO - Req from: Shlomi Nugarker
8/30/2022, 11:10:40 AM - INFO - Req from: Shlomi Nugarker
8/30/2022, 11:12:07 AM - INFO - Server is running on port: 3030
8/30/2022, 11:12:16 AM - INFO - Server is running on port: 3030
8/30/2022, 11:12:23 AM - DEBUG - auth.service - login with username: shlomi123
8/30/2022, 11:12:23 AM - INFO - Req from: Shlomi Nugarker
8/30/2022, 11:12:23 AM - INFO - Req from: Shlomi Nugarker
8/30/2022, 11:12:23 AM - INFO - Req from: Shlomi Nugarker
8/30/2022, 11:13:54 AM - INFO - Server is running on port: 3030
8/30/2022, 11:14:13 AM - DEBUG - auth.service - login with username: shlomi123
8/30/2022, 11:14:13 AM - INFO - Req from: Shlomi Nugarker
8/30/2022, 11:14:13 AM - INFO - Req from: Shlomi Nugarker
8/30/2022, 11:14:13 AM - INFO - Req from: Shlomi Nugarker
8/30/2022, 11:15:09 AM - DEBUG - auth.service - login with username: shlomi123
8/30/2022, 11:15:09 AM - INFO - Req from: Shlomi Nugarker
8/30/2022, 11:15:09 AM - INFO - Req from: Shlomi Nugarker
8/30/2022, 11:15:09 AM - INFO - Req from: Shlomi Nugarker
8/30/2022, 11:15:18 AM - DEBUG - auth.service - login with username: shlomi123
8/30/2022, 11:15:19 AM - INFO - Req from: Shlomi Nugarker
8/30/2022, 11:15:19 AM - INFO - Req from: Shlomi Nugarker
8/30/2022, 11:15:19 AM - INFO - Req from: Shlomi Nugarker
8/30/2022, 11:21:28 AM - INFO - Server is running on port: 3030
8/30/2022, 11:23:22 AM - INFO - Server is running on port: 3030
8/30/2022, 11:24:22 AM - INFO - Server is running on port: 3030
8/30/2022, 11:24:35 AM - DEBUG - auth.service - login with username: shlomi123
8/30/2022, 11:24:35 AM - INFO - Req from: Shlomi Nugarker
8/30/2022, 11:24:35 AM - INFO - Req from: Shlomi Nugarker
8/30/2022, 11:24:35 AM - INFO - Req from: Shlomi Nugarker
8/30/2022, 11:25:53 AM - INFO - Server is running on port: 3030
8/30/2022, 11:29:59 AM - INFO - Server is running on port: 3030
8/30/2022, 11:30:07 AM - DEBUG - auth.service - login with username: shlomi123
8/30/2022, 11:30:08 AM - INFO - Req from: Shlomi Nugarker
8/30/2022, 11:30:08 AM - INFO - Req from: Shlomi Nugarker
8/30/2022, 11:30:08 AM - INFO - Req from: Shlomi Nugarker
8/30/2022, 11:32:10 AM - INFO - Server is running on port: 3030
8/30/2022, 11:32:30 AM - INFO - Server is running on port: 3030
8/30/2022, 11:38:48 AM - DEBUG - auth.service - login with username: shlomi123
8/30/2022, 11:38:48 AM - INFO - Req from: Shlomi Nugarker
8/30/2022, 11:38:48 AM - INFO - Req from: Shlomi Nugarker
8/30/2022, 11:38:48 AM - INFO - Req from: Shlomi Nugarker
8/30/2022, 11:39:01 AM - INFO - Req from: Shlomi Nugarker
8/30/2022, 11:39:01 AM - INFO - Req from: Shlomi Nugarker
8/30/2022, 11:39:05 AM - INFO - Req from: Shlomi Nugarker
8/30/2022, 11:39:05 AM - INFO - Req from: Shlomi Nugarker
8/30/2022, 11:39:18 AM - INFO - Req from: Shlomi Nugarker
8/30/2022, 11:39:18 AM - INFO - Req from: Shlomi Nugarker
8/30/2022, 11:39:25 AM - INFO - Req from: Shlomi Nugarker
8/30/2022, 11:40:39 AM - INFO - Req from: Shlomi Nugarker
8/30/2022, 11:40:44 AM - INFO - Req from: Shlomi Nugarker
8/30/2022, 11:40:47 AM - INFO - Req from: Shlomi Nugarker
8/30/2022, 11:40:47 AM - INFO - Req from: Shlomi Nugarker
8/30/2022, 11:41:52 AM - INFO - Req from: Shlomi Nugarker
8/30/2022, 11:41:53 AM - INFO - Req from: Shlomi Nugarker
8/30/2022, 11:41:53 AM - INFO - Req from: Shlomi Nugarker
8/30/2022, 11:44:01 AM - INFO - Req from: Shlomi Nugarker
8/30/2022, 11:44:01 AM - INFO - Req from: Shlomi Nugarker
8/30/2022, 11:44:35 AM - INFO - Req from: Shlomi Nugarker
8/30/2022, 11:44:35 AM - INFO - Req from: Shlomi Nugarker
8/30/2022, 11:44:41 AM - INFO - Req from: Shlomi Nugarker
8/30/2022, 11:45:42 AM - INFO - Req from: Shlomi Nugarker
8/30/2022, 11:45:42 AM - INFO - Req from: Shlomi Nugarker
8/30/2022, 11:45:42 AM - INFO - Req from: Shlomi Nugarker
8/30/2022, 11:48:57 AM - INFO - Req from: Shlomi Nugarker
8/30/2022, 11:48:57 AM - INFO - Req from: Shlomi Nugarker
8/30/2022, 11:49:01 AM - INFO - Req from: Shlomi Nugarker
8/30/2022, 11:52:33 AM - INFO - Req from: Shlomi Nugarker
8/30/2022, 11:52:33 AM - INFO - Req from: Shlomi Nugarker
8/30/2022, 11:52:34 AM - INFO - Req from: Shlomi Nugarker
8/30/2022, 11:52:36 AM - INFO - Req from: Shlomi Nugarker
8/30/2022, 11:52:36 AM - INFO - Req from: Shlomi Nugarker
8/30/2022, 11:52:40 AM - INFO - Req from: Shlomi Nugarker
8/30/2022, 12:04:03 PM - INFO - Req from: Shlomi Nugarker
8/30/2022, 12:04:03 PM - INFO - Req from: Shlomi Nugarker
8/30/2022, 12:06:11 PM - INFO - Req from: Shlomi Nugarker
8/30/2022, 12:06:11 PM - INFO - Req from: Shlomi Nugarker
8/30/2022, 12:07:26 PM - INFO - Req from: Shlomi Nugarker
8/30/2022, 12:07:26 PM - INFO - Req from: Shlomi Nugarker
8/30/2022, 12:07:30 PM - DEBUG - auth.service - login with username: shlomi123
8/30/2022, 12:07:30 PM - INFO - Req from: Shlomi Nugarker
8/30/2022, 12:07:30 PM - INFO - Req from: Shlomi Nugarker
8/30/2022, 12:07:30 PM - INFO - Req from: Shlomi Nugarker
8/30/2022, 12:09:14 PM - INFO - Req from: Shlomi Nugarker
8/30/2022, 12:09:14 PM - INFO - Req from: Shlomi Nugarker
8/30/2022, 12:09:38 PM - DEBUG - auth.service - login with username: shlomi123
8/30/2022, 12:09:38 PM - INFO - Req from: Shlomi Nugarker
8/30/2022, 12:09:38 PM - INFO - Req from: Shlomi Nugarker
8/30/2022, 12:09:38 PM - INFO - Req from: Shlomi Nugarker
8/30/2022, 12:14:34 PM - INFO - Req from: Shlomi Nugarker
8/30/2022, 12:14:40 PM - INFO - Req from: Shlomi Nugarker
8/30/2022, 12:14:40 PM - INFO - Req from: Shlomi Nugarker
8/30/2022, 12:14:41 PM - INFO - Req from: Shlomi Nugarker
8/30/2022, 12:14:41 PM - INFO - Req from: Shlomi Nugarker
8/30/2022, 12:20:10 PM - INFO - Req from: Shlomi Nugarker
8/30/2022, 12:20:10 PM - INFO - Req from: Shlomi Nugarker
8/30/2022, 12:22:34 PM - INFO - Req from: Shlomi Nugarker
8/30/2022, 12:22:34 PM - INFO - Req from: Shlomi Nugarker
8/30/2022, 12:22:36 PM - DEBUG - auth.service - login with username: shlomi123
8/30/2022, 12:22:36 PM - INFO - Req from: Shlomi Nugarker
8/30/2022, 12:22:36 PM - INFO - Req from: Shlomi Nugarker
8/30/2022, 12:22:36 PM - INFO - Req from: Shlomi Nugarker
8/30/2022, 12:22:59 PM - INFO - Req from: Shlomi Nugarker
8/30/2022, 12:24:27 PM - INFO - Req from: Shlomi Nugarker
8/30/2022, 12:24:55 PM - INFO - Req from: Shlomi Nugarker
8/30/2022, 12:24:59 PM - INFO - Req from: Shlomi Nugarker
8/30/2022, 12:25:36 PM - INFO - Req from: Shlomi Nugarker
8/30/2022, 12:25:36 PM - INFO - Req from: Shlomi Nugarker
8/30/2022, 12:25:53 PM - INFO - Req from: Shlomi Nugarker
8/30/2022, 12:26:24 PM - INFO - Req from: Shlomi Nugarker
8/30/2022, 12:26:26 PM - INFO - Req from: Shlomi Nugarker
8/30/2022, 12:27:00 PM - INFO - Req from: Shlomi Nugarker
8/30/2022, 12:27:02 PM - INFO - Req from: Shlomi Nugarker
8/30/2022, 12:28:05 PM - INFO - Req from: Shlomi Nugarker
8/30/2022, 12:28:05 PM - INFO - Req from: Shlomi Nugarker
8/30/2022, 12:28:54 PM - INFO - Req from: Shlomi Nugarker
8/30/2022, 12:28:56 PM - INFO - Req from: Shlomi Nugarker
8/30/2022, 12:31:01 PM - INFO - Req from: Shlomi Nugarker
8/30/2022, 12:31:01 PM - INFO - Req from: Shlomi Nugarker
8/30/2022, 12:31:41 PM - INFO - Req from: Shlomi Nugarker
8/30/2022, 12:31:50 PM - INFO - Req from: Shlomi Nugarker
8/30/2022, 12:33:52 PM - INFO - Req from: Shlomi Nugarker
8/30/2022, 12:34:57 PM - INFO - Req from: Shlomi Nugarker
8/30/2022, 12:35:02 PM - INFO - Req from: Shlomi Nugarker
8/30/2022, 12:48:46 PM - INFO - Req from: Shlomi Nugarker
8/30/2022, 12:48:46 PM - INFO - Req from: Shlomi Nugarker
8/30/2022, 12:48:46 PM - INFO - Req from: Shlomi Nugarker
8/30/2022, 12:49:01 PM - INFO - Req from: Shlomi Nugarker
8/30/2022, 12:52:31 PM - INFO - Req from: Shlomi Nugarker
8/30/2022, 12:52:37 PM - INFO - Req from: Shlomi Nugarker
8/30/2022, 12:52:37 PM - INFO - Req from: Shlomi Nugarker
8/30/2022, 12:52:41 PM - INFO - Req from: Shlomi Nugarker
8/30/2022, 12:54:31 PM - INFO - Req from: Shlomi Nugarker
8/30/2022, 1:00:20 PM - INFO - Req from: Shlomi Nugarker
8/30/2022, 1:00:39 PM - INFO - Req from: Shlomi Nugarker
8/30/2022, 1:01:00 PM - INFO - Req from: Shlomi Nugarker
8/30/2022, 1:01:00 PM - INFO - Req from: Shlomi Nugarker
8/30/2022, 1:01:00 PM - INFO - Req from: Shlomi Nugarker
8/30/2022, 1:01:16 PM - INFO - Req from: Shlomi Nugarker
8/30/2022, 1:13:03 PM - INFO - Req from: Shlomi Nugarker
8/30/2022, 1:17:26 PM - INFO - Req from: Shlomi Nugarker
8/30/2022, 1:18:06 PM - INFO - Req from: Shlomi Nugarker
8/30/2022, 1:18:06 PM - INFO - Req from: Shlomi Nugarker
8/30/2022, 1:18:06 PM - INFO - Req from: Shlomi Nugarker
8/30/2022, 1:18:39 PM - INFO - Req from: Shlomi Nugarker
8/30/2022, 1:19:10 PM - INFO - Req from: Shlomi Nugarker
8/30/2022, 1:19:31 PM - INFO - Req from: Shlomi Nugarker
8/30/2022, 1:19:31 PM - INFO - Req from: Shlomi Nugarker
8/30/2022, 1:19:34 PM - INFO - Req from: Shlomi Nugarker
8/30/2022, 1:19:39 PM - INFO - Req from: Shlomi Nugarker
8/30/2022, 1:35:14 PM - INFO - Req from: Shlomi Nugarker
8/30/2022, 1:36:01 PM - INFO - Req from: Shlomi Nugarker
8/30/2022, 1:38:36 PM - INFO - Req from: Shlomi Nugarker
8/30/2022, 1:49:35 PM - INFO - Req from: Shlomi Nugarker
8/30/2022, 1:53:07 PM - INFO - Req from: Shlomi Nugarker
8/30/2022, 1:53:07 PM - INFO - Req from: Shlomi Nugarker
8/30/2022, 1:53:26 PM - INFO - Req from: Shlomi Nugarker
8/30/2022, 1:53:26 PM - INFO - Req from: Shlomi Nugarker
8/30/2022, 1:53:30 PM - INFO - Req from: Shlomi Nugarker
8/30/2022, 1:53:30 PM - INFO - Req from: Shlomi Nugarker
8/30/2022, 1:54:09 PM - INFO - Req from: Shlomi Nugarker
8/30/2022, 1:54:09 PM - INFO - Req from: Shlomi Nugarker
8/30/2022, 1:54:11 PM - INFO - Req from: Shlomi Nugarker
8/30/2022, 1:54:11 PM - INFO - Req from: Shlomi Nugarker
8/30/2022, 1:56:38 PM - INFO - Req from: Shlomi Nugarker
8/30/2022, 1:57:14 PM - INFO - Req from: Shlomi Nugarker
8/30/2022, 1:57:14 PM - INFO - Req from: Shlomi Nugarker
8/30/2022, 1:57:19 PM - INFO - Req from: Shlomi Nugarker
8/30/2022, 1:57:19 PM - INFO - Req from: Shlomi Nugarker
8/30/2022, 1:58:21 PM - INFO - Req from: Shlomi Nugarker
8/30/2022, 1:58:49 PM - INFO - Req from: Shlomi Nugarker
8/30/2022, 1:58:51 PM - INFO - Req from: Shlomi Nugarker
8/30/2022, 1:58:51 PM - INFO - Req from: Shlomi Nugarker
8/30/2022, 1:58:54 PM - INFO - Req from: Shlomi Nugarker
8/30/2022, 1:58:55 PM - INFO - Req from: Shlomi Nugarker
8/30/2022, 1:58:55 PM - INFO - Req from: Shlomi Nugarker
8/30/2022, 1:58:58 PM - INFO - Req from: Shlomi Nugarker
8/30/2022, 1:59:39 PM - INFO - Req from: Shlomi Nugarker
8/30/2022, 1:59:39 PM - INFO - Req from: Shlomi Nugarker
8/30/2022, 1:59:44 PM - INFO - Req from: Shlomi Nugarker
8/30/2022, 1:59:55 PM - INFO - Req from: Shlomi Nugarker
8/30/2022, 2:00:31 PM - INFO - Server is running on port: 3030
8/30/2022, 2:00:36 PM - DEBUG - auth.service - login with username: shlomi123
8/30/2022, 2:00:36 PM - INFO - Req from: Shlomi Nugarker
8/30/2022, 2:00:36 PM - INFO - Req from: Shlomi Nugarker
8/30/2022, 2:00:36 PM - INFO - Req from: Shlomi Nugarker
8/30/2022, 2:00:36 PM - ERROR - cannot find activities | {}
8/30/2022, 2:00:36 PM - ERROR - Failed to get activties | {}
8/30/2022, 2:00:38 PM - INFO - Req from: Shlomi Nugarker
8/30/2022, 2:00:38 PM - ERROR - cannot find activities | {}
8/30/2022, 2:00:38 PM - ERROR - Failed to get activties | {}
8/30/2022, 2:00:52 PM - INFO - Req from: Shlomi Nugarker
8/30/2022, 2:00:52 PM - ERROR - cannot find activities | {}
8/30/2022, 2:00:52 PM - ERROR - Failed to get activties | {}
8/30/2022, 2:01:32 PM - INFO - Server is running on port: 3030
8/30/2022, 2:01:42 PM - DEBUG - auth.service - login with username: shlomi123
8/30/2022, 2:01:42 PM - INFO - Req from: Shlomi Nugarker
8/30/2022, 2:01:42 PM - INFO - Req from: Shlomi Nugarker
8/30/2022, 2:01:42 PM - INFO - Req from: Shlomi Nugarker
8/30/2022, 2:01:44 PM - INFO - Req from: Shlomi Nugarker
8/30/2022, 2:02:59 PM - INFO - Req from: Shlomi Nugarker
8/30/2022, 2:08:16 PM - INFO - Req from: Shlomi Nugarker
8/30/2022, 2:09:21 PM - INFO - Req from: Shlomi Nugarker
8/30/2022, 2:12:04 PM - INFO - Req from: Shlomi Nugarker
8/30/2022, 2:16:15 PM - INFO - Req from: Shlomi Nugarker
8/30/2022, 2:16:15 PM - INFO - Req from: Shlomi Nugarker
8/30/2022, 2:16:27 PM - INFO - Req from: Shlomi Nugarker
8/30/2022, 2:16:29 PM - INFO - Req from: Shlomi Nugarker
8/30/2022, 2:16:34 PM - INFO - Req from: Shlomi Nugarker
8/30/2022, 2:16:39 PM - INFO - Req from: Shlomi Nugarker
8/30/2022, 2:19:06 PM - INFO - Req from: Shlomi Nugarker
8/30/2022, 2:19:06 PM - INFO - Req from: Shlomi Nugarker
8/30/2022, 2:19:10 PM - INFO - Req from: Shlomi Nugarker
8/30/2022, 2:19:13 PM - INFO - Req from: Shlomi Nugarker
8/30/2022, 2:21:48 PM - INFO - Req from: Shlomi Nugarker
8/30/2022, 2:23:42 PM - DEBUG - auth.service - login with username: dana123
8/30/2022, 2:23:43 PM - INFO - Req from: Dana Israeli
8/30/2022, 2:23:43 PM - INFO - Req from: Dana Israeli
8/30/2022, 2:23:43 PM - INFO - Req from: Dana Israeli
8/30/2022, 2:23:49 PM - INFO - Req from: Dana Israeli
8/30/2022, 2:23:52 PM - INFO - Req from: Dana Israeli
8/30/2022, 2:23:52 PM - INFO - Req from: Dana Israeli
8/30/2022, 2:23:55 PM - DEBUG - auth.service - login with username: shlomi123
8/30/2022, 2:23:55 PM - INFO - Req from: Shlomi Nugarker
8/30/2022, 2:23:55 PM - INFO - Req from: Shlomi Nugarker
8/30/2022, 2:23:55 PM - INFO - Req from: Shlomi Nugarker
8/30/2022, 2:23:57 PM - INFO - Req from: Shlomi Nugarker
8/30/2022, 2:24:04 PM - INFO - Req from: Shlomi Nugarker
8/30/2022, 2:25:10 PM - INFO - Server is running on port: 3030
8/30/2022, 2:25:19 PM - DEBUG - auth.service - login with username: dana123
8/30/2022, 2:25:19 PM - INFO - Req from: Dana Israeli
8/30/2022, 2:25:19 PM - INFO - Req from: Dana Israeli
8/30/2022, 2:25:19 PM - INFO - Req from: Dana Israeli
8/30/2022, 2:25:36 PM - DEBUG - auth.service - login with username: shlomi123
8/30/2022, 2:25:36 PM - INFO - Req from: Shlomi Nugarker
8/30/2022, 2:25:36 PM - INFO - Req from: Shlomi Nugarker
8/30/2022, 2:25:36 PM - INFO - Req from: Shlomi Nugarker
8/30/2022, 2:25:37 PM - INFO - Req from: Shlomi Nugarker
8/30/2022, 2:33:49 PM - INFO - Req from: Shlomi Nugarker
8/30/2022, 2:33:49 PM - INFO - Req from: Shlomi Nugarker
8/30/2022, 2:33:52 PM - INFO - Req from: Shlomi Nugarker
8/30/2022, 2:33:52 PM - INFO - Req from: Shlomi Nugarker
8/30/2022, 2:34:08 PM - INFO - Req from: Shlomi Nugarker
8/30/2022, 2:34:34 PM - INFO - Req from: Shlomi Nugarker
8/30/2022, 2:34:34 PM - INFO - Req from: Shlomi Nugarker
8/30/2022, 2:34:40 PM - INFO - Req from: Shlomi Nugarker
8/30/2022, 2:34:40 PM - INFO - Req from: Shlomi Nugarker
8/30/2022, 2:35:16 PM - INFO - Req from: Shlomi Nugarker
8/30/2022, 2:35:21 PM - INFO - Req from: Shlomi Nugarker
8/30/2022, 2:36:03 PM - INFO - Req from: Shlomi Nugarker
8/30/2022, 2:36:03 PM - INFO - Req from: Shlomi Nugarker
8/30/2022, 2:36:08 PM - INFO - Req from: Shlomi Nugarker
8/30/2022, 2:36:08 PM - INFO - Req from: Shlomi Nugarker
8/30/2022, 2:40:48 PM - INFO - Req from: Shlomi Nugarker
8/30/2022, 2:41:21 PM - INFO - Req from: Shlomi Nugarker
8/30/2022, 2:41:21 PM - INFO - Req from: Shlomi Nugarker
8/30/2022, 2:41:28 PM - INFO - Req from: Shlomi Nugarker
8/30/2022, 2:41:31 PM - INFO - Req from: Shlomi Nugarker
8/30/2022, 2:43:14 PM - INFO - Req from: Shlomi Nugarker
8/30/2022, 2:46:27 PM - INFO - Server is running on port: 3030
8/30/2022, 2:46:30 PM - INFO - Server is running on port: 3030
8/30/2022, 2:46:38 PM - DEBUG - auth.service - login with username: shlomi123
8/30/2022, 2:46:38 PM - INFO - Req from: Shlomi Nugarker
8/30/2022, 2:46:38 PM - INFO - Req from: Shlomi Nugarker
8/30/2022, 2:46:38 PM - INFO - Req from: Shlomi Nugarker
8/30/2022, 2:46:50 PM - INFO - Req from: Shlomi Nugarker
8/30/2022, 2:46:50 PM - INFO - Req from: Shlomi Nugarker
8/30/2022, 2:46:51 PM - INFO - Req from: Shlomi Nugarker
8/30/2022, 2:46:53 PM - INFO - Req from: Shlomi Nugarker
8/30/2022, 2:46:53 PM - INFO - Req from: Shlomi Nugarker
8/30/2022, 2:46:54 PM - INFO - Req from: Shlomi Nugarker
8/30/2022, 2:47:02 PM - INFO - Req from: Shlomi Nugarker
8/30/2022, 2:47:02 PM - INFO - Req from: Shlomi Nugarker
8/30/2022, 2:47:30 PM - INFO - Server is running on port: 3030
8/30/2022, 2:47:34 PM - DEBUG - auth.service - login with username: shlomi123
8/30/2022, 2:47:34 PM - INFO - Req from: Shlomi Nugarker
8/30/2022, 2:47:34 PM - INFO - Req from: Shlomi Nugarker
8/30/2022, 2:47:34 PM - INFO - Req from: Shlomi Nugarker
8/30/2022, 2:47:36 PM - INFO - Req from: Shlomi Nugarker
8/30/2022, 2:47:37 PM - INFO - Req from: Shlomi Nugarker
8/30/2022, 2:47:37 PM - INFO - Req from: Shlomi Nugarker
8/30/2022, 2:47:41 PM - INFO - Req from: Shlomi Nugarker
8/30/2022, 2:47:43 PM - INFO - Req from: Shlomi Nugarker
8/30/2022, 2:47:48 PM - INFO - Req from: Shlomi Nugarker
8/30/2022, 2:51:22 PM - DEBUG - auth.service - login with username: dana123
8/30/2022, 2:51:22 PM - INFO - Req from: Dana Israeli
8/30/2022, 2:51:22 PM - INFO - Req from: Dana Israeli
8/30/2022, 2:51:22 PM - INFO - Req from: Dana Israeli
8/30/2022, 2:51:26 PM - INFO - Req from: Dana Israeli
8/30/2022, 2:51:29 PM - INFO - Req from: Dana Israeli
8/30/2022, 2:51:41 PM - DEBUG - auth.service - login with username: shlomi123
8/30/2022, 2:51:41 PM - INFO - Req from: Shlomi Nugarker
8/30/2022, 2:51:41 PM - INFO - Req from: Shlomi Nugarker
8/30/2022, 2:51:41 PM - INFO - Req from: Shlomi Nugarker
8/30/2022, 2:51:45 PM - INFO - Req from: Shlomi Nugarker
8/30/2022, 2:53:35 PM - INFO - Req from: Shlomi Nugarker
8/30/2022, 2:54:12 PM - INFO - Req from: Shlomi Nugarker
8/30/2022, 2:54:12 PM - INFO - Req from: Shlomi Nugarker
8/30/2022, 2:54:24 PM - INFO - Req from: Shlomi Nugarker
8/30/2022, 2:54:25 PM - INFO - Req from: Shlomi Nugarker
8/30/2022, 2:54:27 PM - INFO - Req from: Shlomi Nugarker
8/30/2022, 2:54:34 PM - INFO - Req from: Shlomi Nugarker
8/30/2022, 2:54:34 PM - INFO - Req from: Shlomi Nugarker
8/30/2022, 2:55:05 PM - INFO - Req from: Shlomi Nugarker
8/30/2022, 2:55:05 PM - INFO - Req from: Shlomi Nugarker
8/30/2022, 2:55:26 PM - INFO - Req from: Shlomi Nugarker
8/30/2022, 2:56:42 PM - INFO - Req from: Shlomi Nugarker
8/30/2022, 2:58:03 PM - INFO - Req from: Shlomi Nugarker
8/30/2022, 2:58:03 PM - INFO - Req from: Shlomi Nugarker
8/30/2022, 2:58:15 PM - INFO - Req from: Shlomi Nugarker
8/30/2022, 3:02:21 PM - INFO - Server is running on port: 3030
8/30/2022, 3:02:33 PM - DEBUG - auth.service - login with username: shlomi123
8/30/2022, 3:02:34 PM - INFO - Req from: Shlomi Nugarker
8/30/2022, 3:02:34 PM - INFO - Req from: Shlomi Nugarker
8/30/2022, 3:02:34 PM - INFO - Req from: Shlomi Nugarker
8/30/2022, 3:02:36 PM - INFO - Req from: Shlomi Nugarker
8/30/2022, 3:02:38 PM - INFO - Req from: Shlomi Nugarker
8/30/2022, 3:02:38 PM - INFO - Req from: Shlomi Nugarker
8/30/2022, 3:02:40 PM - INFO - Req from: Shlomi Nugarker
8/30/2022, 3:02:49 PM - INFO - Server is running on port: 3030
8/30/2022, 3:02:55 PM - DEBUG - auth.service - login with username: shlomi123
8/30/2022, 3:02:56 PM - INFO - Req from: Shlomi Nugarker
8/30/2022, 3:02:56 PM - INFO - Req from: Shlomi Nugarker
8/30/2022, 3:02:56 PM - INFO - Req from: Shlomi Nugarker
8/30/2022, 3:02:57 PM - INFO - Req from: Shlomi Nugarker
8/30/2022, 3:04:18 PM - INFO - Req from: Shlomi Nugarker
8/30/2022, 3:04:18 PM - INFO - Req from: Shlomi Nugarker
8/30/2022, 3:04:30 PM - INFO - Req from: Shlomi Nugarker
8/30/2022, 3:04:31 PM - INFO - Req from: Shlomi Nugarker
8/30/2022, 3:04:32 PM - INFO - Req from: Shlomi Nugarker
8/30/2022, 3:04:38 PM - INFO - Req from: Shlomi Nugarker
8/30/2022, 3:04:38 PM - INFO - Req from: Shlomi Nugarker
8/30/2022, 3:06:36 PM - INFO - Server is running on port: 3030
8/30/2022, 3:06:52 PM - DEBUG - auth.service - login with username: shlomi123
8/30/2022, 3:06:52 PM - INFO - Req from: Shlomi Nugarker
8/30/2022, 3:06:52 PM - INFO - Req from: Shlomi Nugarker
8/30/2022, 3:06:52 PM - INFO - Req from: Shlomi Nugarker
8/30/2022, 3:06:56 PM - INFO - Req from: Shlomi Nugarker
8/30/2022, 3:07:02 PM - INFO - Req from: Shlomi Nugarker
8/30/2022, 3:07:25 PM - DEBUG - auth.service - login with username: dana123
8/30/2022, 3:07:25 PM - INFO - Req from: Dana Israeli
8/30/2022, 3:07:25 PM - INFO - Req from: Dana Israeli
8/30/2022, 3:07:25 PM - INFO - Req from: Dana Israeli
8/30/2022, 3:07:27 PM - INFO - Req from: Dana Israeli
8/30/2022, 3:09:24 PM - INFO - Req from: Dana Israeli
8/30/2022, 3:10:22 PM - INFO - Req from: Dana Israeli
8/30/2022, 3:30:41 PM - INFO - Req from: Dana Israeli
8/30/2022, 3:31:25 PM - INFO - Req from: Dana Israeli
8/30/2022, 3:32:45 PM - INFO - Req from: Dana Israeli
8/30/2022, 3:33:31 PM - INFO - Req from: Dana Israeli
8/30/2022, 3:37:59 PM - INFO - Req from: Dana Israeli
8/30/2022, 3:39:40 PM - INFO - Req from: Dana Israeli
8/30/2022, 3:39:51 PM - INFO - Req from: Dana Israeli
8/30/2022, 3:39:51 PM - INFO - Req from: Dana Israeli
8/30/2022, 3:39:51 PM - INFO - Req from: Dana Israeli
8/30/2022, 3:39:58 PM - INFO - Req from: Dana Israeli
8/30/2022, 3:40:36 PM - INFO - Req from: Dana Israeli
8/30/2022, 3:40:47 PM - INFO - Req from: Dana Israeli
8/30/2022, 3:41:19 PM - INFO - Req from: Dana Israeli
8/30/2022, 3:41:33 PM - INFO - Req from: Dana Israeli
8/30/2022, 3:41:55 PM - INFO - Req from: Dana Israeli
8/30/2022, 3:42:12 PM - INFO - Req from: Dana Israeli
8/30/2022, 3:42:38 PM - INFO - Req from: Dana Israeli
8/30/2022, 3:43:54 PM - INFO - Req from: Dana Israeli
8/30/2022, 3:45:16 PM - INFO - Req from: Dana Israeli
8/30/2022, 3:46:36 PM - INFO - Req from: Dana Israeli
8/30/2022, 3:48:12 PM - INFO - Req from: Dana Israeli
8/30/2022, 3:49:46 PM - INFO - Req from: Dana Israeli
8/30/2022, 3:52:37 PM - INFO - Req from: Dana Israeli
8/30/2022, 3:53:21 PM - INFO - Req from: Dana Israeli
8/30/2022, 3:54:09 PM - INFO - Req from: Dana Israeli
8/30/2022, 3:54:51 PM - INFO - Req from: Dana Israeli
8/30/2022, 3:57:09 PM - INFO - Req from: Dana Israeli
8/30/2022, 5:01:22 PM - INFO - Req from: Dana Israeli
8/30/2022, 5:01:35 PM - INFO - Req from: Dana Israeli
8/30/2022, 5:01:57 PM - DEBUG - auth.service - login with username: shlomi123
8/30/2022, 5:01:57 PM - INFO - Req from: Shlomi Nugarker
8/30/2022, 5:01:57 PM - INFO - Req from: Shlomi Nugarker
8/30/2022, 5:01:57 PM - INFO - Req from: Shlomi Nugarker
8/30/2022, 5:01:59 PM - INFO - Req from: Shlomi Nugarker
8/30/2022, 5:03:01 PM - INFO - Req from: Shlomi Nugarker
8/30/2022, 5:04:04 PM - INFO - Req from: Shlomi Nugarker
8/30/2022, 5:04:15 PM - INFO - Req from: Shlomi Nugarker
8/30/2022, 5:04:15 PM - INFO - Req from: Shlomi Nugarker
8/30/2022, 5:04:20 PM - INFO - Req from: Shlomi Nugarker
8/30/2022, 5:04:22 PM - INFO - Req from: Shlomi Nugarker
8/30/2022, 5:04:25 PM - INFO - Req from: Shlomi Nugarker
8/30/2022, 5:04:25 PM - INFO - Req from: Shlomi Nugarker
8/30/2022, 5:06:09 PM - INFO - Req from: Shlomi Nugarker
8/30/2022, 5:16:34 PM - INFO - Req from: Shlomi Nugarker
8/30/2022, 5:22:25 PM - INFO - Req from: Shlomi Nugarker
8/30/2022, 5:24:31 PM - INFO - Req from: Shlomi Nugarker
8/30/2022, 5:24:31 PM - INFO - Req from: Shlomi Nugarker
8/30/2022, 5:29:17 PM - INFO - Req from: Shlomi Nugarker
8/30/2022, 5:29:17 PM - INFO - Req from: Shlomi Nugarker
8/30/2022, 5:29:17 PM - INFO - Req from: Shlomi Nugarker
8/30/2022, 5:30:08 PM - DEBUG - auth.service - login with username: shlomi123
8/30/2022, 5:30:08 PM - INFO - Req from: Shlomi Nugarker
8/30/2022, 5:30:08 PM - INFO - Req from: Shlomi Nugarker
8/30/2022, 5:30:08 PM - INFO - Req from: Shlomi Nugarker
8/30/2022, 5:30:12 PM - INFO - Req from: Shlomi Nugarker
8/30/2022, 5:30:23 PM - INFO - Req from: Shlomi Nugarker
8/30/2022, 5:30:26 PM - INFO - Req from: Shlomi Nugarker
8/30/2022, 5:32:39 PM - INFO - Req from: Shlomi Nugarker
8/30/2022, 5:33:15 PM - INFO - Req from: Shlomi Nugarker
8/30/2022, 5:34:07 PM - INFO - Req from: Shlomi Nugarker
8/30/2022, 5:34:19 PM - INFO - Req from: Shlomi Nugarker
8/30/2022, 5:34:20 PM - INFO - Req from: Shlomi Nugarker
8/30/2022, 5:35:58 PM - INFO - Req from: Shlomi Nugarker
8/30/2022, 5:40:48 PM - INFO - Req from: Shlomi Nugarker
8/30/2022, 5:40:51 PM - INFO - Req from: Shlomi Nugarker
8/30/2022, 5:40:51 PM - INFO - Req from: Shlomi Nugarker
8/30/2022, 5:41:11 PM - INFO - Req from: Shlomi Nugarker
8/30/2022, 5:41:20 PM - INFO - Req from: Shlomi Nugarker
8/30/2022, 5:41:20 PM - INFO - Req from: Shlomi Nugarker
8/30/2022, 5:41:36 PM - DEBUG - auth.service - login with username: dana123
8/30/2022, 5:41:36 PM - INFO - Req from: Dana Israeli
8/30/2022, 5:41:36 PM - INFO - Req from: Dana Israeli
8/30/2022, 5:41:36 PM - INFO - Req from: Dana Israeli
8/30/2022, 5:41:38 PM - INFO - Req from: Dana Israeli
8/30/2022, 5:42:26 PM - INFO - Req from: Dana Israeli
8/30/2022, 5:42:33 PM - INFO - Req from: Dana Israeli
8/30/2022, 5:42:34 PM - INFO - Req from: Dana Israeli
8/30/2022, 5:42:53 PM - INFO - Req from: Dana Israeli
8/30/2022, 5:42:53 PM - INFO - Req from: Dana Israeli
8/30/2022, 5:43:00 PM - DEBUG - auth.service - login with username: dana123
8/30/2022, 5:43:00 PM - INFO - Req from: Dana Israeli
8/30/2022, 5:43:00 PM - INFO - Req from: Dana Israeli
8/30/2022, 5:43:00 PM - INFO - Req from: Dana Israeli
8/30/2022, 5:43:02 PM - INFO - Req from: Dana Israeli
8/30/2022, 5:45:29 PM - INFO - Req from: Dana Israeli
8/30/2022, 5:45:55 PM - INFO - Req from: Dana Israeli
8/30/2022, 5:46:15 PM - INFO - Req from: Dana Israeli
8/30/2022, 5:46:52 PM - INFO - Req from: Dana Israeli
8/30/2022, 5:48:31 PM - INFO - Req from: Dana Israeli
8/30/2022, 5:48:37 PM - INFO - Req from: Dana Israeli
8/30/2022, 5:48:37 PM - INFO - Req from: Dana Israeli
8/30/2022, 5:48:40 PM - INFO - Req from: Dana Israeli
8/30/2022, 5:48:56 PM - INFO - Req from: Dana Israeli
8/30/2022, 5:49:18 PM - INFO - Req from: Dana Israeli
8/30/2022, 5:50:21 PM - INFO - Req from: Dana Israeli
8/30/2022, 5:50:29 PM - INFO - Req from: Dana Israeli
8/30/2022, 5:51:03 PM - INFO - Req from: Dana Israeli
8/30/2022, 5:51:21 PM - INFO - Req from: Dana Israeli
8/30/2022, 5:51:41 PM - INFO - Req from: Dana Israeli
8/30/2022, 5:51:50 PM - INFO - Req from: Dana Israeli
8/30/2022, 5:51:56 PM - INFO - Req from: Dana Israeli
8/30/2022, 5:53:44 PM - INFO - Req from: Dana Israeli
8/30/2022, 5:53:49 PM - INFO - Req from: Dana Israeli
8/30/2022, 6:01:50 PM - INFO - Req from: Dana Israeli
8/30/2022, 6:04:52 PM - INFO - Req from: Dana Israeli
8/30/2022, 6:05:24 PM - INFO - Req from: Dana Israeli
8/30/2022, 6:07:10 PM - INFO - Req from: Dana Israeli
8/30/2022, 6:07:23 PM - INFO - Req from: Dana Israeli
8/30/2022, 6:07:52 PM - INFO - Req from: Dana Israeli
8/30/2022, 6:07:59 PM - INFO - Req from: Dana Israeli
8/30/2022, 6:08:01 PM - INFO - Req from: Dana Israeli
8/30/2022, 6:09:26 PM - INFO - Req from: Dana Israeli
8/30/2022, 6:09:42 PM - INFO - Req from: Dana Israeli
8/30/2022, 6:10:48 PM - INFO - Req from: Dana Israeli
8/30/2022, 6:11:07 PM - INFO - Req from: Dana Israeli
8/30/2022, 6:11:34 PM - INFO - Req from: Dana Israeli
8/30/2022, 6:12:50 PM - INFO - Req from: Dana Israeli
8/30/2022, 6:14:02 PM - INFO - Req from: Dana Israeli
8/30/2022, 6:16:03 PM - INFO - Req from: Dana Israeli
8/30/2022, 6:17:58 PM - INFO - Req from: Dana Israeli
8/30/2022, 6:18:37 PM - INFO - Req from: Dana Israeli
8/30/2022, 6:18:50 PM - INFO - Req from: Dana Israeli
8/30/2022, 6:19:54 PM - INFO - Req from: Dana Israeli
8/30/2022, 6:19:59 PM - INFO - Req from: Dana Israeli
8/30/2022, 6:20:51 PM - INFO - Req from: Dana Israeli
8/30/2022, 6:21:54 PM - INFO - Req from: Dana Israeli
8/30/2022, 6:22:01 PM - INFO - Req from: Dana Israeli
8/30/2022, 6:22:01 PM - INFO - Req from: Dana Israeli
8/30/2022, 6:22:32 PM - INFO - Req from: Dana Israeli
8/30/2022, 6:22:32 PM - INFO - Req from: Dana Israeli
8/30/2022, 6:22:33 PM - INFO - Req from: Dana Israeli
8/30/2022, 6:22:33 PM - INFO - Req from: Dana Israeli
8/30/2022, 6:22:45 PM - INFO - Req from: Dana Israeli
8/30/2022, 6:22:45 PM - INFO - Req from: Dana Israeli
8/30/2022, 6:22:49 PM - INFO - Req from: Dana Israeli
8/30/2022, 6:22:49 PM - INFO - Req from: Dana Israeli
8/30/2022, 6:22:55 PM - INFO - Req from: Dana Israeli
8/30/2022, 6:22:55 PM - INFO - Req from: Dana Israeli
8/30/2022, 6:22:56 PM - INFO - Req from: Dana Israeli
8/30/2022, 6:23:15 PM - INFO - Req from: Dana Israeli
8/30/2022, 6:23:30 PM - INFO - Req from: Dana Israeli
8/30/2022, 6:23:33 PM - INFO - Req from: Dana Israeli
8/30/2022, 6:23:33 PM - INFO - Req from: Dana Israeli
8/30/2022, 6:23:36 PM - INFO - Req from: Dana Israeli
8/30/2022, 6:23:49 PM - INFO - Req from: Dana Israeli
8/30/2022, 6:24:24 PM - INFO - Req from: Dana Israeli
8/30/2022, 6:25:31 PM - INFO - Req from: Dana Israeli
8/30/2022, 6:28:14 PM - INFO - Req from: Dana Israeli
8/30/2022, 6:30:18 PM - INFO - Req from: Dana Israeli
8/30/2022, 6:30:44 PM - INFO - Req from: Dana Israeli
8/30/2022, 6:30:59 PM - INFO - Req from: Dana Israeli
8/30/2022, 6:32:04 PM - INFO - Req from: Dana Israeli
8/30/2022, 6:33:25 PM - INFO - Req from: Dana Israeli
8/30/2022, 6:34:33 PM - INFO - Req from: Dana Israeli
8/30/2022, 6:35:01 PM - INFO - Req from: Dana Israeli
8/30/2022, 6:35:19 PM - INFO - Req from: Dana Israeli
8/30/2022, 6:35:23 PM - INFO - Req from: Dana Israeli
8/30/2022, 6:38:39 PM - INFO - Req from: Dana Israeli
8/30/2022, 6:38:52 PM - INFO - Req from: Dana Israeli
8/30/2022, 6:39:13 PM - INFO - Req from: Dana Israeli
8/30/2022, 6:40:06 PM - INFO - Req from: Dana Israeli
8/30/2022, 6:40:51 PM - INFO - Req from: Dana Israeli
8/30/2022, 6:43:11 PM - INFO - Req from: Dana Israeli
8/30/2022, 6:43:28 PM - INFO - Req from: Dana Israeli
8/30/2022, 6:43:40 PM - INFO - Req from: Dana Israeli
8/30/2022, 6:44:31 PM - INFO - Req from: Dana Israeli
8/30/2022, 6:44:54 PM - INFO - Req from: Dana Israeli
8/30/2022, 6:44:57 PM - INFO - Req from: Dana Israeli
8/30/2022, 6:49:21 PM - INFO - Req from: Dana Israeli
8/30/2022, 6:51:48 PM - INFO - Req from: Dana Israeli
8/30/2022, 6:51:48 PM - INFO - Req from: Dana Israeli
8/30/2022, 6:52:01 PM - INFO - Req from: Dana Israeli
8/30/2022, 6:52:01 PM - INFO - Req from: Dana Israeli
8/30/2022, 6:52:10 PM - DEBUG - auth.service - login with username: shlomi123
8/30/2022, 6:52:10 PM - INFO - Req from: Shlomi Nugarker
8/30/2022, 6:52:10 PM - INFO - Req from: Shlomi Nugarker
8/30/2022, 6:52:10 PM - INFO - Req from: Shlomi Nugarker
8/30/2022, 6:52:12 PM - INFO - Req from: Shlomi Nugarker
8/30/2022, 6:52:43 PM - INFO - Req from: Shlomi Nugarker
8/30/2022, 6:52:43 PM - INFO - Req from: Shlomi Nugarker
8/30/2022, 7:03:44 PM - INFO - Req from: Shlomi Nugarker
8/30/2022, 7:03:46 PM - INFO - Req from: Shlomi Nugarker
8/30/2022, 7:03:50 PM - INFO - Req from: Shlomi Nugarker
8/30/2022, 7:03:50 PM - INFO - Req from: Shlomi Nugarker
8/30/2022, 7:03:52 PM - INFO - Req from: Shlomi Nugarker
8/30/2022, 7:03:54 PM - INFO - Req from: Shlomi Nugarker
8/30/2022, 7:03:54 PM - INFO - Req from: Shlomi Nugarker
8/30/2022, 7:04:32 PM - INFO - Req from: Shlomi Nugarker
8/30/2022, 7:04:46 PM - INFO - Req from: Shlomi Nugarker
8/30/2022, 7:04:46 PM - INFO - Req from: Shlomi Nugarker
8/30/2022, 7:04:54 PM - INFO - Req from: Shlomi Nugarker
8/30/2022, 7:04:54 PM - INFO - Req from: Shlomi Nugarker
8/30/2022, 7:05:03 PM - INFO - Req from: Shlomi Nugarker
8/30/2022, 7:05:03 PM - INFO - Req from: Shlomi Nugarker
8/30/2022, 7:08:04 PM - INFO - Req from: Shlomi Nugarker
8/30/2022, 7:08:07 PM - INFO - Req from: Shlomi Nugarker
8/30/2022, 7:08:07 PM - INFO - Req from: Shlomi Nugarker
8/30/2022, 7:08:30 PM - INFO - Req from: Shlomi Nugarker
8/30/2022, 7:08:30 PM - INFO - Req from: Shlomi Nugarker
8/30/2022, 7:08:32 PM - INFO - Req from: Shlomi Nugarker
8/30/2022, 7:08:34 PM - INFO - Req from: Shlomi Nugarker
8/30/2022, 7:08:34 PM - INFO - Req from: Shlomi Nugarker
8/30/2022, 7:09:17 PM - INFO - Req from: Shlomi Nugarker
8/30/2022, 7:09:18 PM - INFO - Req from: Shlomi Nugarker
8/30/2022, 7:09:18 PM - INFO - Req from: Shlomi Nugarker
8/30/2022, 7:09:35 PM - INFO - Req from: Shlomi Nugarker
8/30/2022, 7:09:35 PM - INFO - Req from: Shlomi Nugarker
8/30/2022, 7:11:31 PM - INFO - Req from: Shlomi Nugarker
8/30/2022, 7:11:31 PM - INFO - Req from: Shlomi Nugarker
8/30/2022, 7:11:36 PM - INFO - Req from: Shlomi Nugarker
8/30/2022, 7:11:36 PM - INFO - Req from: Shlomi Nugarker
8/30/2022, 7:13:08 PM - INFO - Req from: Shlomi Nugarker
8/30/2022, 7:13:11 PM - INFO - Req from: Shlomi Nugarker
8/30/2022, 7:13:15 PM - INFO - Req from: Shlomi Nugarker
8/30/2022, 7:13:18 PM - INFO - Req from: Shlomi Nugarker
8/30/2022, 7:13:25 PM - INFO - Req from: Shlomi Nugarker
8/30/2022, 7:14:01 PM - INFO - Req from: Shlomi Nugarker
8/30/2022, 7:14:36 PM - INFO - Req from: Shlomi Nugarker
8/30/2022, 7:14:36 PM - INFO - Req from: Shlomi Nugarker
8/30/2022, 7:14:40 PM - INFO - Req from: Shlomi Nugarker
8/30/2022, 7:14:43 PM - INFO - Req from: Shlomi Nugarker
8/30/2022, 7:14:46 PM - INFO - Req from: Shlomi Nugarker
8/30/2022, 7:14:48 PM - INFO - Req from: Shlomi Nugarker
8/30/2022, 7:14:51 PM - INFO - Req from: Shlomi Nugarker
8/30/2022, 7:14:57 PM - INFO - Req from: Shlomi Nugarker
8/30/2022, 7:15:04 PM - INFO - Req from: Shlomi Nugarker
8/30/2022, 7:17:18 PM - INFO - Req from: Shlomi Nugarker
8/30/2022, 7:17:18 PM - INFO - Req from: Shlomi Nugarker
8/30/2022, 7:24:29 PM - INFO - Req from: Shlomi Nugarker
8/30/2022, 7:24:29 PM - INFO - Req from: Shlomi Nugarker
8/30/2022, 7:24:32 PM - INFO - Req from: Shlomi Nugarker
8/30/2022, 7:24:32 PM - INFO - Req from: Shlomi Nugarker
8/30/2022, 7:24:36 PM - INFO - Req from: Shlomi Nugarker
8/30/2022, 7:24:39 PM - INFO - Req from: Shlomi Nugarker
8/30/2022, 7:24:45 PM - INFO - Req from: Shlomi Nugarker
8/30/2022, 7:24:49 PM - INFO - Req from: Shlomi Nugarker
8/30/2022, 7:24:53 PM - INFO - Req from: Shlomi Nugarker
8/30/2022, 7:25:02 PM - INFO - Req from: Shlomi Nugarker
8/30/2022, 7:25:13 PM - INFO - Req from: Shlomi Nugarker
8/30/2022, 7:25:13 PM - INFO - Req from: Shlomi Nugarker
8/30/2022, 7:25:35 PM - INFO - Req from: Shlomi Nugarker
8/30/2022, 7:25:35 PM - INFO - Req from: Shlomi Nugarker
8/30/2022, 7:25:47 PM - INFO - Req from: Shlomi Nugarker
8/30/2022, 7:25:51 PM - INFO - Req from: Shlomi Nugarker
8/30/2022, 7:25:51 PM - INFO - Req from: Shlomi Nugarker
8/30/2022, 7:25:57 PM - INFO - Req from: Shlomi Nugarker
8/30/2022, 7:26:02 PM - INFO - Req from: Shlomi Nugarker
8/30/2022, 7:26:02 PM - INFO - Req from: Shlomi Nugarker
8/30/2022, 7:26:32 PM - INFO - Req from: Shlomi Nugarker
8/30/2022, 7:29:36 PM - INFO - Req from: Shlomi Nugarker
8/30/2022, 7:31:54 PM - INFO - Req from: Shlomi Nugarker
8/30/2022, 7:31:54 PM - INFO - Req from: Shlomi Nugarker
8/30/2022, 7:37:27 PM - INFO - Req from: Shlomi Nugarker
8/30/2022, 7:37:32 PM - INFO - Req from: Shlomi Nugarker
8/30/2022, 7:37:38 PM - INFO - Req from: Shlomi Nugarker
8/30/2022, 7:37:42 PM - INFO - Req from: Shlomi Nugarker
8/30/2022, 7:37:42 PM - INFO - Req from: Shlomi Nugarker
8/30/2022, 7:37:43 PM - INFO - Req from: Shlomi Nugarker
8/30/2022, 7:37:46 PM - INFO - Req from: Shlomi Nugarker
8/30/2022, 7:37:46 PM - INFO - Req from: Shlomi Nugarker
8/30/2022, 7:38:11 PM - INFO - Req from: Shlomi Nugarker
8/30/2022, 7:38:11 PM - INFO - Req from: Shlomi Nugarker
8/30/2022, 7:38:13 PM - INFO - Req from: Shlomi Nugarker
8/30/2022, 7:38:13 PM - INFO - Req from: Shlomi Nugarker
8/30/2022, 7:48:49 PM - INFO - Req from: Shlomi Nugarker
8/30/2022, 7:48:49 PM - INFO - Req from: Shlomi Nugarker
8/30/2022, 7:48:50 PM - INFO - Req from: Shlomi Nugarker
8/30/2022, 7:48:50 PM - INFO - Req from: Shlomi Nugarker
8/30/2022, 7:53:27 PM - INFO - Req from: Shlomi Nugarker
8/30/2022, 7:53:27 PM - INFO - Req from: Shlomi Nugarker
8/30/2022, 7:53:41 PM - INFO - Req from: Shlomi Nugarker
8/30/2022, 7:53:49 PM - INFO - Req from: Shlomi Nugarker
8/30/2022, 7:53:49 PM - INFO - Req from: Shlomi Nugarker
8/30/2022, 7:53:50 PM - INFO - Req from: Shlomi Nugarker
8/30/2022, 7:53:50 PM - INFO - Req from: Shlomi Nugarker
8/30/2022, 7:54:17 PM - INFO - Req from: Shlomi Nugarker
8/30/2022, 7:54:44 PM - INFO - Req from: Shlomi Nugarker
8/30/2022, 7:54:55 PM - INFO - Req from: Shlomi Nugarker
8/30/2022, 7:55:00 PM - INFO - Req from: Shlomi Nugarker
8/30/2022, 7:55:00 PM - INFO - Req from: Shlomi Nugarker
8/30/2022, 8:03:00 PM - INFO - Req from: Shlomi Nugarker
8/30/2022, 8:03:27 PM - INFO - Req from: Shlomi Nugarker
8/30/2022, 8:03:27 PM - INFO - Req from: Shlomi Nugarker
8/30/2022, 8:03:28 PM - INFO - Req from: Shlomi Nugarker
8/30/2022, 8:03:28 PM - INFO - Req from: Shlomi Nugarker
8/30/2022, 8:08:39 PM - INFO - Req from: Shlomi Nugarker
8/30/2022, 8:08:39 PM - INFO - Req from: Shlomi Nugarker
8/30/2022, 8:08:43 PM - INFO - Req from: Shlomi Nugarker
8/30/2022, 8:09:00 PM - INFO - Req from: Shlomi Nugarker
8/30/2022, 8:09:55 PM - INFO - Req from: Shlomi Nugarker
8/30/2022, 8:09:55 PM - INFO - Req from: Shlomi Nugarker
8/30/2022, 8:09:58 PM - INFO - Req from: Shlomi Nugarker
8/30/2022, 8:09:58 PM - INFO - Req from: Shlomi Nugarker
8/30/2022, 8:10:00 PM - INFO - Req from: Shlomi Nugarker
8/30/2022, 8:10:00 PM - INFO - Req from: Shlomi Nugarker
8/30/2022, 8:10:36 PM - INFO - Server is running on port: 3030
8/30/2022, 8:11:03 PM - DEBUG - auth.service - login with username: shlomi123
8/30/2022, 8:11:03 PM - INFO - Req from: Shlomi Nugarker
8/30/2022, 8:11:03 PM - INFO - Req from: Shlomi Nugarker
8/30/2022, 8:11:03 PM - INFO - Req from: Shlomi Nugarker
8/30/2022, 8:11:04 PM - INFO - Req from: Shlomi Nugarker
8/30/2022, 8:11:06 PM - INFO - Req from: Shlomi Nugarker
8/30/2022, 8:11:06 PM - INFO - Req from: Shlomi Nugarker
8/30/2022, 8:11:09 PM - INFO - Req from: Shlomi Nugarker
8/30/2022, 8:11:09 PM - INFO - Req from: Shlomi Nugarker
8/30/2022, 8:11:10 PM - INFO - Req from: Shlomi Nugarker
8/30/2022, 8:11:10 PM - INFO - Req from: Shlomi Nugarker
8/30/2022, 8:12:13 PM - INFO - Req from: Shlomi Nugarker
8/30/2022, 8:12:13 PM - INFO - Req from: Shlomi Nugarker
8/30/2022, 8:12:14 PM - INFO - Req from: Shlomi Nugarker
8/30/2022, 8:12:14 PM - INFO - Req from: Shlomi Nugarker
8/30/2022, 8:20:04 PM - INFO - Req from: Shlomi Nugarker
8/30/2022, 8:20:07 PM - INFO - Req from: Shlomi Nugarker
8/30/2022, 8:20:14 PM - INFO - Req from: Shlomi Nugarker
8/30/2022, 8:20:14 PM - INFO - Req from: Shlomi Nugarker
8/30/2022, 8:20:19 PM - INFO - Req from: Shlomi Nugarker
8/30/2022, 8:20:21 PM - INFO - Req from: Shlomi Nugarker
8/30/2022, 8:20:52 PM - INFO - Req from: Shlomi Nugarker
8/30/2022, 8:20:52 PM - INFO - Req from: Shlomi Nugarker
8/30/2022, 8:21:10 PM - INFO - Req from: Shlomi Nugarker
8/30/2022, 8:21:10 PM - INFO - Req from: Shlomi Nugarker
8/30/2022, 8:21:25 PM - INFO - Req from: Shlomi Nugarker
8/30/2022, 8:21:25 PM - INFO - Req from: Shlomi Nugarker
8/30/2022, 8:21:40 PM - INFO - Req from: Shlomi Nugarker
8/30/2022, 8:21:40 PM - INFO - Req from: Shlomi Nugarker
8/30/2022, 8:21:57 PM - INFO - Req from: Shlomi Nugarker
8/30/2022, 8:21:57 PM - INFO - Req from: Shlomi Nugarker
8/30/2022, 8:22:00 PM - INFO - Req from: Shlomi Nugarker
8/30/2022, 8:22:00 PM - INFO - Req from: Shlomi Nugarker
8/30/2022, 8:22:04 PM - INFO - Req from: Shlomi Nugarker
8/30/2022, 8:22:04 PM - INFO - Req from: Shlomi Nugarker
8/30/2022, 8:23:28 PM - INFO - Req from: Shlomi Nugarker
8/30/2022, 8:23:28 PM - INFO - Req from: Shlomi Nugarker
8/30/2022, 8:24:01 PM - INFO - Req from: Shlomi Nugarker
8/30/2022, 8:24:01 PM - INFO - Req from: Shlomi Nugarker
8/30/2022, 8:24:21 PM - INFO - Req from: Shlomi Nugarker
8/30/2022, 8:24:21 PM - INFO - Req from: Shlomi Nugarker
8/30/2022, 8:24:29 PM - INFO - Req from: Shlomi Nugarker
8/30/2022, 8:24:30 PM - INFO - Req from: Shlomi Nugarker
8/30/2022, 8:24:50 PM - INFO - Req from: Shlomi Nugarker
8/30/2022, 8:24:50 PM - INFO - Req from: Shlomi Nugarker
8/30/2022, 8:24:50 PM - INFO - Req from: Shlomi Nugarker
8/30/2022, 8:24:50 PM - INFO - Req from: Shlomi Nugarker
8/30/2022, 8:24:51 PM - INFO - Req from: Shlomi Nugarker
8/30/2022, 8:25:57 PM - INFO - Req from: Shlomi Nugarker
8/30/2022, 8:25:57 PM - INFO - Req from: Shlomi Nugarker
8/30/2022, 8:25:57 PM - INFO - Req from: Shlomi Nugarker
8/30/2022, 8:25:57 PM - INFO - Req from: Shlomi Nugarker
8/30/2022, 8:26:01 PM - INFO - Req from: Shlomi Nugarker
8/30/2022, 8:26:31 PM - INFO - Req from: Shlomi Nugarker
8/30/2022, 8:26:32 PM - INFO - Req from: Shlomi Nugarker
8/30/2022, 8:26:34 PM - INFO - Req from: Shlomi Nugarker
8/30/2022, 8:26:34 PM - INFO - Req from: Shlomi Nugarker
8/30/2022, 8:26:36 PM - INFO - Req from: Shlomi Nugarker
8/30/2022, 8:26:36 PM - INFO - Req from: Shlomi Nugarker
8/30/2022, 8:27:05 PM - INFO - Req from: Shlomi Nugarker
8/30/2022, 8:35:19 PM - INFO - Req from: Shlomi Nugarker
8/30/2022, 8:35:19 PM - INFO - Req from: Shlomi Nugarker
8/30/2022, 8:37:53 PM - INFO - Req from: Shlomi Nugarker
8/30/2022, 8:37:53 PM - INFO - Req from: Shlomi Nugarker
8/30/2022, 8:37:53 PM - INFO - Req from: Shlomi Nugarker
8/30/2022, 8:37:58 PM - INFO - Req from: Shlomi Nugarker
8/30/2022, 8:37:58 PM - INFO - Req from: Shlomi Nugarker
8/30/2022, 8:39:56 PM - INFO - Req from: Shlomi Nugarker
8/30/2022, 8:39:57 PM - INFO - Req from: Shlomi Nugarker
8/30/2022, 8:46:53 PM - INFO - Req from: Shlomi Nugarker
8/30/2022, 8:46:53 PM - INFO - Req from: Shlomi Nugarker
8/30/2022, 8:48:37 PM - INFO - Req from: Shlomi Nugarker
8/30/2022, 8:48:37 PM - INFO - Req from: Shlomi Nugarker
8/30/2022, 8:50:55 PM - INFO - Req from: Shlomi Nugarker
8/30/2022, 8:50:55 PM - INFO - Req from: Shlomi Nugarker
8/30/2022, 8:51:05 PM - INFO - Req from: Shlomi Nugarker
8/30/2022, 8:51:08 PM - INFO - Req from: Shlomi Nugarker
8/30/2022, 8:51:15 PM - INFO - Req from: Shlomi Nugarker
8/30/2022, 8:51:19 PM - INFO - Req from: Shlomi Nugarker
8/30/2022, 8:51:20 PM - INFO - Req from: Shlomi Nugarker
8/30/2022, 8:51:20 PM - INFO - Req from: Shlomi Nugarker
8/30/2022, 8:51:45 PM - INFO - Req from: Shlomi Nugarker
8/30/2022, 8:52:58 PM - INFO - Req from: Shlomi Nugarker
8/30/2022, 8:52:58 PM - INFO - Req from: Shlomi Nugarker
8/30/2022, 8:53:23 PM - INFO - Req from: Shlomi Nugarker
8/30/2022, 8:53:25 PM - INFO - Req from: Shlomi Nugarker
8/30/2022, 8:53:26 PM - INFO - Req from: Shlomi Nugarker
8/30/2022, 8:53:31 PM - INFO - Req from: Shlomi Nugarker
8/30/2022, 8:53:31 PM - INFO - Req from: Shlomi Nugarker
8/30/2022, 8:53:31 PM - INFO - Req from: Shlomi Nugarker
8/30/2022, 8:53:31 PM - INFO - Req from: Shlomi Nugarker
8/30/2022, 8:53:36 PM - INFO - Req from: Shlomi Nugarker
8/30/2022, 8:53:52 PM - INFO - Req from: Shlomi Nugarker
8/30/2022, 8:54:01 PM - INFO - Req from: Shlomi Nugarker
8/30/2022, 8:54:06 PM - INFO - Req from: Shlomi Nugarker
8/30/2022, 8:54:16 PM - INFO - Req from: Shlomi Nugarker
8/30/2022, 8:54:16 PM - INFO - Req from: Shlomi Nugarker
8/30/2022, 8:57:52 PM - INFO - Req from: Shlomi Nugarker
8/30/2022, 8:57:52 PM - INFO - Req from: Shlomi Nugarker
8/30/2022, 8:57:56 PM - INFO - Req from: Shlomi Nugarker
8/30/2022, 8:57:57 PM - INFO - Req from: Shlomi Nugarker
8/30/2022, 8:57:57 PM - INFO - Req from: Shlomi Nugarker
8/30/2022, 8:58:02 PM - INFO - Req from: Shlomi Nugarker
8/30/2022, 8:58:04 PM - INFO - Req from: Shlomi Nugarker
8/30/2022, 8:58:04 PM - INFO - Req from: Shlomi Nugarker
8/30/2022, 8:58:18 PM - INFO - Req from: Shlomi Nugarker
8/30/2022, 8:58:29 PM - INFO - Req from: Shlomi Nugarker
8/30/2022, 8:58:29 PM - INFO - Req from: Shlomi Nugarker
8/30/2022, 8:58:47 PM - INFO - Req from: Shlomi Nugarker
8/30/2022, 8:58:47 PM - INFO - Req from: Shlomi Nugarker
8/30/2022, 8:58:50 PM - INFO - Req from: Shlomi Nugarker
8/30/2022, 8:58:50 PM - INFO - Req from: Shlomi Nugarker
8/30/2022, 8:59:28 PM - INFO - Req from: Shlomi Nugarker
8/30/2022, 8:59:32 PM - INFO - Req from: Shlomi Nugarker
8/30/2022, 8:59:35 PM - INFO - Req from: Shlomi Nugarker
8/30/2022, 8:59:38 PM - INFO - Req from: Shlomi Nugarker
8/30/2022, 8:59:52 PM - INFO - Req from: Shlomi Nugarker
8/30/2022, 9:01:00 PM - INFO - Req from: Shlomi Nugarker
8/30/2022, 9:01:00 PM - INFO - Req from: Shlomi Nugarker
8/30/2022, 9:02:06 PM - INFO - Req from: Shlomi Nugarker
8/30/2022, 9:02:10 PM - INFO - Req from: Shlomi Nugarker
8/30/2022, 9:02:10 PM - INFO - Req from: Shlomi Nugarker
8/30/2022, 9:02:16 PM - INFO - Req from: Shlomi Nugarker
8/30/2022, 9:02:16 PM - INFO - Req from: Shlomi Nugarker
8/30/2022, 9:02:21 PM - INFO - Req from: Shlomi Nugarker
8/30/2022, 9:02:24 PM - INFO - Req from: Shlomi Nugarker
8/30/2022, 9:02:29 PM - INFO - Req from: Shlomi Nugarker
8/30/2022, 9:02:33 PM - INFO - Req from: Shlomi Nugarker
8/30/2022, 9:02:35 PM - INFO - Req from: Shlomi Nugarker
8/30/2022, 9:06:08 PM - INFO - Req from: Shlomi Nugarker
8/30/2022, 9:06:21 PM - INFO - Req from: Shlomi Nugarker
8/30/2022, 9:06:21 PM - INFO - Req from: Shlomi Nugarker
8/30/2022, 9:06:29 PM - INFO - Req from: Shlomi Nugarker
8/30/2022, 9:06:29 PM - INFO - Req from: Shlomi Nugarker
8/30/2022, 9:06:51 PM - INFO - Req from: Shlomi Nugarker
8/30/2022, 9:06:52 PM - INFO - Req from: Shlomi Nugarker
8/30/2022, 9:07:01 PM - INFO - Req from: Shlomi Nugarker
8/30/2022, 9:07:01 PM - INFO - Req from: Shlomi Nugarker
8/30/2022, 9:22:45 PM - INFO - Req from: Shlomi Nugarker
8/30/2022, 9:22:45 PM - INFO - Req from: Shlomi Nugarker
8/30/2022, 9:32:32 PM - INFO - Req from: Shlomi Nugarker
8/30/2022, 9:32:32 PM - INFO - Req from: Shlomi Nugarker
8/30/2022, 9:34:15 PM - DEBUG - auth.service - login with username: shlomi123
8/30/2022, 9:34:15 PM - INFO - Req from: Shlomi Nugarker
8/30/2022, 9:34:15 PM - INFO - Req from: Shlomi Nugarker
8/30/2022, 9:34:15 PM - INFO - Req from: Shlomi Nugarker
8/30/2022, 9:34:16 PM - INFO - Req from: Shlomi Nugarker
8/30/2022, 9:34:16 PM - INFO - Req from: Shlomi Nugarker
8/30/2022, 9:34:28 PM - INFO - Req from: Shlomi Nugarker
8/30/2022, 9:34:28 PM - INFO - Req from: Shlomi Nugarker
8/30/2022, 9:34:29 PM - INFO - Req from: Shlomi Nugarker
8/30/2022, 9:34:29 PM - INFO - Req from: Shlomi Nugarker
8/30/2022, 9:34:44 PM - DEBUG - auth.service - login with username: shlomi123
8/30/2022, 9:34:44 PM - INFO - Req from: Shlomi Nugarker
8/30/2022, 9:34:44 PM - INFO - Req from: Shlomi Nugarker
8/30/2022, 9:34:44 PM - INFO - Req from: Shlomi Nugarker
8/30/2022, 9:34:46 PM - INFO - Req from: Shlomi Nugarker
8/30/2022, 9:34:46 PM - INFO - Req from: Shlomi Nugarker
8/30/2022, 9:35:55 PM - INFO - Req from: Shlomi Nugarker
8/30/2022, 9:35:55 PM - INFO - Req from: Shlomi Nugarker
8/30/2022, 9:35:59 PM - INFO - Req from: Shlomi Nugarker
8/30/2022, 9:36:01 PM - INFO - Req from: Shlomi Nugarker
8/30/2022, 9:36:03 PM - INFO - Req from: Shlomi Nugarker
8/30/2022, 9:36:13 PM - INFO - Req from: Shlomi Nugarker
8/30/2022, 9:36:13 PM - INFO - Req from: Shlomi Nugarker
8/30/2022, 9:36:18 PM - INFO - Req from: Shlomi Nugarker
8/30/2022, 9:36:20 PM - INFO - Req from: Shlomi Nugarker
8/30/2022, 9:36:20 PM - INFO - Req from: Shlomi Nugarker
8/30/2022, 9:36:26 PM - INFO - Req from: Shlomi Nugarker
8/30/2022, 9:36:32 PM - INFO - Req from: Shlomi Nugarker
8/30/2022, 9:36:32 PM - INFO - Req from: Shlomi Nugarker
8/30/2022, 9:36:36 PM - INFO - Req from: Shlomi Nugarker
8/30/2022, 9:36:36 PM - INFO - Req from: Shlomi Nugarker
8/30/2022, 9:36:41 PM - INFO - Req from: Shlomi Nugarker
8/30/2022, 9:36:41 PM - INFO - Req from: Shlomi Nugarker
8/30/2022, 9:36:47 PM - INFO - Req from: Shlomi Nugarker
8/30/2022, 9:36:47 PM - INFO - Req from: Shlomi Nugarker
8/30/2022, 9:37:06 PM - INFO - Req from: Shlomi Nugarker
8/30/2022, 9:37:20 PM - INFO - Req from: Shlomi Nugarker
8/30/2022, 9:37:22 PM - INFO - Req from: Shlomi Nugarker
8/30/2022, 9:37:33 PM - INFO - Req from: Shlomi Nugarker
8/30/2022, 9:37:41 PM - INFO - Req from: Shlomi Nugarker
8/30/2022, 9:37:43 PM - INFO - Req from: Shlomi Nugarker
8/30/2022, 9:38:48 PM - INFO - Req from: Shlomi Nugarker
8/30/2022, 9:38:56 PM - INFO - Req from: Shlomi Nugarker
8/30/2022, 9:39:02 PM - INFO - Req from: Shlomi Nugarker
8/30/2022, 9:39:09 PM - INFO - Req from: Shlomi Nugarker
8/30/2022, 9:39:18 PM - INFO - Req from: Shlomi Nugarker
8/30/2022, 9:39:18 PM - INFO - Req from: Shlomi Nugarker
8/30/2022, 9:39:19 PM - INFO - Req from: Shlomi Nugarker
8/30/2022, 9:39:19 PM - INFO - Req from: Shlomi Nugarker
8/30/2022, 9:39:45 PM - INFO - Req from: Shlomi Nugarker
8/30/2022, 9:39:45 PM - INFO - Req from: Shlomi Nugarker
8/30/2022, 10:31:13 PM - INFO - Req from: Shlomi Nugarker
8/30/2022, 10:33:57 PM - INFO - Req from: Shlomi Nugarker
8/30/2022, 10:33:57 PM - INFO - Req from: Shlomi Nugarker
8/30/2022, 10:34:10 PM - INFO - Req from: Shlomi Nugarker
8/30/2022, 10:34:10 PM - INFO - Req from: Shlomi Nugarker
8/30/2022, 10:34:17 PM - INFO - Req from: Shlomi Nugarker
8/30/2022, 10:34:17 PM - INFO - Req from: Shlomi Nugarker
8/30/2022, 10:34:30 PM - INFO - Req from: Shlomi Nugarker
8/30/2022, 10:34:34 PM - INFO - Req from: Shlomi Nugarker
8/30/2022, 10:34:39 PM - INFO - Req from: Shlomi Nugarker
8/30/2022, 10:34:43 PM - INFO - Req from: Shlomi Nugarker
8/30/2022, 10:38:47 PM - INFO - Req from: Shlomi Nugarker
8/30/2022, 10:38:53 PM - INFO - Req from: Shlomi Nugarker
8/30/2022, 10:38:55 PM - INFO - Req from: Shlomi Nugarker
8/30/2022, 10:41:50 PM - INFO - Req from: Shlomi Nugarker
8/30/2022, 10:43:16 PM - INFO - Req from: Shlomi Nugarker
8/30/2022, 10:45:37 PM - INFO - Req from: Shlomi Nugarker
8/30/2022, 10:46:02 PM - INFO - Req from: Shlomi Nugarker
8/30/2022, 10:46:10 PM - INFO - Req from: Shlomi Nugarker
8/30/2022, 10:46:19 PM - INFO - Req from: Shlomi Nugarker
8/30/2022, 10:46:22 PM - INFO - Req from: Shlomi Nugarker
8/30/2022, 10:46:22 PM - INFO - Req from: Shlomi Nugarker
8/30/2022, 10:46:25 PM - INFO - Req from: Shlomi Nugarker
8/30/2022, 10:46:25 PM - INFO - Req from: Shlomi Nugarker
8/30/2022, 10:46:28 PM - INFO - Req from: Shlomi Nugarker
8/30/2022, 10:46:44 PM - INFO - Req from: Shlomi Nugarker
8/30/2022, 10:46:54 PM - DEBUG - auth.service - login with username: shlomi123
8/30/2022, 10:46:54 PM - INFO - Req from: Shlomi Nugarker
8/30/2022, 10:46:54 PM - INFO - Req from: Shlomi Nugarker
8/30/2022, 10:46:54 PM - INFO - Req from: Shlomi Nugarker
8/30/2022, 10:47:00 PM - INFO - Req from: Shlomi Nugarker
8/30/2022, 10:47:09 PM - INFO - Req from: Shlomi Nugarker
8/30/2022, 10:47:14 PM - INFO - Req from: Shlomi Nugarker
8/30/2022, 10:47:41 PM - INFO - Req from: Shlomi Nugarker
8/30/2022, 10:47:47 PM - INFO - Req from: Shlomi Nugarker
8/30/2022, 10:48:37 PM - DEBUG - auth.service - login with username: shlomi123
8/30/2022, 10:48:37 PM - INFO - Req from: Shlomi Nugarker
8/30/2022, 10:48:37 PM - INFO - Req from: Shlomi Nugarker
8/30/2022, 10:48:37 PM - INFO - Req from: Shlomi Nugarker
8/30/2022, 10:48:40 PM - INFO - Req from: Shlomi Nugarker
8/30/2022, 10:49:10 PM - INFO - Req from: Shlomi Nugarker
8/30/2022, 10:49:31 PM - INFO - Req from: Shlomi Nugarker
8/30/2022, 10:49:31 PM - INFO - Req from: Shlomi Nugarker
8/30/2022, 10:49:45 PM - INFO - Req from: Shlomi Nugarker
8/30/2022, 10:49:45 PM - INFO - Req from: Shlomi Nugarker
8/30/2022, 10:49:47 PM - INFO - Req from: Shlomi Nugarker
8/30/2022, 10:49:47 PM - INFO - Req from: Shlomi Nugarker
8/30/2022, 10:51:06 PM - INFO - Server is running on port: 3030
8/30/2022, 10:51:10 PM - INFO - Server is running on port: 3030
8/30/2022, 10:58:19 PM - INFO - Server is running on port: 3030
8/30/2022, 10:59:00 PM - DEBUG - auth.service - login with username: shlomi123
8/30/2022, 10:59:00 PM - INFO - Req from: Shlomi Nugarker
8/30/2022, 10:59:00 PM - INFO - Req from: Shlomi Nugarker
8/30/2022, 10:59:00 PM - INFO - Req from: Shlomi Nugarker
8/30/2022, 10:59:06 PM - INFO - Req from: Shlomi Nugarker
8/30/2022, 11:02:27 PM - INFO - Req from: Shlomi Nugarker
8/30/2022, 11:02:27 PM - INFO - Req from: Shlomi Nugarker
8/30/2022, 11:02:27 PM - INFO - Req from: Shlomi Nugarker
8/30/2022, 11:02:27 PM - INFO - Req from: Shlomi Nugarker
8/30/2022, 11:29:43 PM - DEBUG - auth.service - login with username: shlomi123
8/30/2022, 11:29:43 PM - INFO - Req from: Shlomi Nugarker
8/30/2022, 11:29:43 PM - INFO - Req from: Shlomi Nugarker
8/30/2022, 11:29:43 PM - INFO - Req from: Shlomi Nugarker
8/31/2022, 9:16:09 AM - INFO - Server is running on port: 3030
8/31/2022, 9:16:49 AM - DEBUG - auth.service - login with username: shlomi123
8/31/2022, 9:16:49 AM - INFO - Req from: Shlomi Nugarker
8/31/2022, 9:16:49 AM - INFO - Req from: Shlomi Nugarker
8/31/2022, 9:16:49 AM - INFO - Req from: Shlomi Nugarker
8/31/2022, 9:17:01 AM - INFO - Req from: Shlomi Nugarker
